This is pdfTeX, Version 3.1415926-2.5-1.40.14 (MiKTeX 2.9) (preloaded format=pdflatex 2014.3.19)  7 AUG 2014 19:41
entering extended mode
**Report250714_OfirShukron.tex

("D:\Ofir\Work\ENS\Polymer Chain Dynamics\Documents\Analysis of TAD\Report25071
4_OfirShukron.tex"
LaTeX2e <2011/06/27>
Babel <v3.8m> and hyphenation patterns for english, afrikaans, ancientgreek, ar
abic, armenian, assamese, basque, bengali, bokmal, bulgarian, catalan, coptic, 
croatian, czech, danish, dutch, esperanto, estonian, farsi, finnish, french, ga
lician, german, german-x-2013-05-26, greek, gujarati, hindi, hungarian, iceland
ic, indonesian, interlingua, irish, italian, kannada, kurmanji, latin, latvian,
 lithuanian, malayalam, marathi, mongolian, mongolianlmc, monogreek, ngerman, n
german-x-2013-05-26, nynorsk, oriya, panjabi, pinyin, polish, portuguese, roman
ian, russian, sanskrit, serbian, slovak, slovenian, spanish, swedish, swissgerm
an, tamil, telugu, turkish, turkmen, ukenglish, ukrainian, uppersorbian, usengl
ishmax, welsh, loaded.
("d:\Program Files (x86)\MiKTeX 2.9\tex\latex\paper\paper.cls"
Document Class: paper 2008/05/30 1.0l LaTeX document class (wm).
\hours=\count79
\minutes=\count80
("d:\Program Files (x86)\MiKTeX 2.9\tex\latex\base\size12.clo"
File: size12.clo 2007/10/19 v1.4h Standard LaTeX file (size option)
)
\beforetitlespace=\skip41
\c@part=\count81
\c@section=\count82
\c@subsection=\count83
\c@subsubsection=\count84
\c@paragraph=\count85
\c@subparagraph=\count86
\exampleindent=\skip42
\c@figure=\count87
\c@table=\count88
\abovecaptionskip=\skip43
\belowcaptionskip=\skip44
\bibindent=\dimen102
)
("d:\Program Files (x86)\MiKTeX 2.9\tex\latex\amsmath\amsmath.sty"
Package: amsmath 2013/01/14 v2.14 AMS math features
\@mathmargin=\skip45

For additional information on amsmath, use the `?' option.
("d:\Program Files (x86)\MiKTeX 2.9\tex\latex\amsmath\amstext.sty"
Package: amstext 2000/06/29 v2.01

("d:\Program Files (x86)\MiKTeX 2.9\tex\latex\amsmath\amsgen.sty"
File: amsgen.sty 1999/11/30 v2.0
\@emptytoks=\toks14
\ex@=\dimen103
))
("d:\Program Files (x86)\MiKTeX 2.9\tex\latex\amsmath\amsbsy.sty"
Package: amsbsy 1999/11/29 v1.2d
\pmbraise@=\dimen104
)
("d:\Program Files (x86)\MiKTeX 2.9\tex\latex\amsmath\amsopn.sty"
Package: amsopn 1999/12/14 v2.01 operator names
)
\inf@bad=\count89
LaTeX Info: Redefining \frac on input line 210.
\uproot@=\count90
\leftroot@=\count91
LaTeX Info: Redefining \overline on input line 306.
\classnum@=\count92
\DOTSCASE@=\count93
LaTeX Info: Redefining \ldots on input line 378.
LaTeX Info: Redefining \dots on input line 381.
LaTeX Info: Redefining \cdots on input line 466.
\Mathstrutbox@=\box26
\strutbox@=\box27
\big@size=\dimen105
LaTeX Font Info:    Redeclaring font encoding OML on input line 566.
LaTeX Font Info:    Redeclaring font encoding OMS on input line 567.
\macc@depth=\count94
\c@MaxMatrixCols=\count95
\dotsspace@=\muskip10
\c@parentequation=\count96
\dspbrk@lvl=\count97
\tag@help=\toks15
\row@=\count98
\column@=\count99
\maxfields@=\count100
\andhelp@=\toks16
\eqnshift@=\dimen106
\alignsep@=\dimen107
\tagshift@=\dimen108
\tagwidth@=\dimen109
\totwidth@=\dimen110
\lineht@=\dimen111
\@envbody=\toks17
\multlinegap=\skip46
\multlinetaggap=\skip47
\mathdisplay@stack=\toks18
LaTeX Info: Redefining \[ on input line 2665.
LaTeX Info: Redefining \] on input line 2666.
)
("d:\Program Files (x86)\MiKTeX 2.9\tex\latex\amsfonts\amssymb.sty"
Package: amssymb 2013/01/14 v3.01 AMS font symbols

("d:\Program Files (x86)\MiKTeX 2.9\tex\latex\amsfonts\amsfonts.sty"
Package: amsfonts 2013/01/14 v3.01 Basic AMSFonts support
\symAMSa=\mathgroup4
\symAMSb=\mathgroup5
LaTeX Font Info:    Overwriting math alphabet `\mathfrak' in version `bold'
(Font)                  U/euf/m/n --> U/euf/b/n on input line 106.
))
("d:\Program Files (x86)\MiKTeX 2.9\tex\latex\graphics\graphicx.sty"
Package: graphicx 1999/02/16 v1.0f Enhanced LaTeX Graphics (DPC,SPQR)

("d:\Program Files (x86)\MiKTeX 2.9\tex\latex\graphics\keyval.sty"
Package: keyval 1999/03/16 v1.13 key=value parser (DPC)
\KV@toks@=\toks19
)
("d:\Program Files (x86)\MiKTeX 2.9\tex\latex\graphics\graphics.sty"
Package: graphics 2009/02/05 v1.0o Standard LaTeX Graphics (DPC,SPQR)

("d:\Program Files (x86)\MiKTeX 2.9\tex\latex\graphics\trig.sty"
Package: trig 1999/03/16 v1.09 sin cos tan (DPC)
)
("d:\Program Files (x86)\MiKTeX 2.9\tex\latex\00miktex\graphics.cfg"
File: graphics.cfg 2007/01/18 v1.5 graphics configuration of teTeX/TeXLive
)
Package graphics Info: Driver file: pdftex.def on input line 91.

("d:\Program Files (x86)\MiKTeX 2.9\tex\latex\pdftex-def\pdftex.def"
File: pdftex.def 2011/05/27 v0.06d Graphics/color for pdfTeX

("d:\Program Files (x86)\MiKTeX 2.9\tex\generic\oberdiek\infwarerr.sty"
Package: infwarerr 2010/04/08 v1.3 Providing info/warning/error messages (HO)
)
("d:\Program Files (x86)\MiKTeX 2.9\tex\generic\oberdiek\ltxcmds.sty"
Package: ltxcmds 2011/11/09 v1.22 LaTeX kernel commands for general use (HO)
)
\Gread@gobject=\count101
))
\Gin@req@height=\dimen112
\Gin@req@width=\dimen113
)
("d:\Program Files (x86)\MiKTeX 2.9\tex\latex\hyperref\hyperref.sty"
Package: hyperref 2012/11/06 v6.83m Hypertext links for LaTeX

("d:\Program Files (x86)\MiKTeX 2.9\tex\generic\oberdiek\hobsub-hyperref.sty"
Package: hobsub-hyperref 2012/04/25 v1.12 Bundle oberdiek, subset hyperref (HO)


("d:\Program Files (x86)\MiKTeX 2.9\tex\generic\oberdiek\hobsub-generic.sty"
Package: hobsub-generic 2012/04/25 v1.12 Bundle oberdiek, subset generic (HO)
Package: hobsub 2012/04/25 v1.12 Construct package bundles (HO)
Package hobsub Info: Skipping package `infwarerr' (already loaded).
Package hobsub Info: Skipping package `ltxcmds' (already loaded).
Package: ifluatex 2010/03/01 v1.3 Provides the ifluatex switch (HO)
Package ifluatex Info: LuaTeX not detected.
Package: ifvtex 2010/03/01 v1.5 Detect VTeX and its facilities (HO)
Package ifvtex Info: VTeX not detected.
Package: intcalc 2007/09/27 v1.1 Expandable calculations with integers (HO)
Package: ifpdf 2011/01/30 v2.3 Provides the ifpdf switch (HO)
Package ifpdf Info: pdfTeX in PDF mode is detected.
Package: etexcmds 2011/02/16 v1.5 Avoid name clashes with e-TeX commands (HO)
Package etexcmds Info: Could not find \expanded.
(etexcmds)             That can mean that you are not using pdfTeX 1.50 or
(etexcmds)             that some package has redefined \expanded.
(etexcmds)             In the latter case, load this package earlier.
Package: kvsetkeys 2012/04/25 v1.16 Key value parser (HO)
Package: kvdefinekeys 2011/04/07 v1.3 Define keys (HO)
Package: pdftexcmds 2011/11/29 v0.20 Utility functions of pdfTeX for LuaTeX (HO
)
Package pdftexcmds Info: LuaTeX not detected.
Package pdftexcmds Info: \pdf@primitive is available.
Package pdftexcmds Info: \pdf@ifprimitive is available.
Package pdftexcmds Info: \pdfdraftmode found.
Package: pdfescape 2011/11/25 v1.13 Implements pdfTeX's escape features (HO)
Package: bigintcalc 2012/04/08 v1.3 Expandable calculations on big integers (HO
)
Package: bitset 2011/01/30 v1.1 Handle bit-vector datatype (HO)
Package: uniquecounter 2011/01/30 v1.2 Provide unlimited unique counter (HO)
)
Package hobsub Info: Skipping package `hobsub' (already loaded).
Package: letltxmacro 2010/09/02 v1.4 Let assignment for LaTeX macros (HO)
Package: hopatch 2011/06/24 v1.1 Wrapper for package hooks (HO)
Package: xcolor-patch 2011/01/30 xcolor patch
Package: atveryend 2011/06/30 v1.8 Hooks at the very end of document (HO)
Package atveryend Info: \enddocument detected (standard20110627).
Package: atbegshi 2011/10/05 v1.16 At begin shipout hook (HO)
Package: refcount 2011/10/16 v3.4 Data extraction from label references (HO)
Package: hycolor 2011/01/30 v1.7 Color options for hyperref/bookmark (HO)
)
("d:\Program Files (x86)\MiKTeX 2.9\tex\generic\ifxetex\ifxetex.sty"
Package: ifxetex 2010/09/12 v0.6 Provides ifxetex conditional
)
("d:\Program Files (x86)\MiKTeX 2.9\tex\latex\oberdiek\auxhook.sty"
Package: auxhook 2011/03/04 v1.3 Hooks for auxiliary files (HO)
)
("d:\Program Files (x86)\MiKTeX 2.9\tex\latex\oberdiek\kvoptions.sty"
Package: kvoptions 2011/06/30 v3.11 Key value format for package options (HO)
)
\@linkdim=\dimen114
\Hy@linkcounter=\count102
\Hy@pagecounter=\count103

("d:\Program Files (x86)\MiKTeX 2.9\tex\latex\hyperref\pd1enc.def"
File: pd1enc.def 2012/11/06 v6.83m Hyperref: PDFDocEncoding definition (HO)
)
\Hy@SavedSpaceFactor=\count104

("d:\Program Files (x86)\MiKTeX 2.9\tex\latex\00miktex\hyperref.cfg"
File: hyperref.cfg 2002/06/06 v1.2 hyperref configuration of TeXLive
)
Package hyperref Info: Hyper figures OFF on input line 4443.
Package hyperref Info: Link nesting OFF on input line 4448.
Package hyperref Info: Hyper index ON on input line 4451.
Package hyperref Info: Plain pages OFF on input line 4458.
Package hyperref Info: Backreferencing OFF on input line 4463.
Package hyperref Info: Implicit mode ON; LaTeX internals redefined.
Package hyperref Info: Bookmarks ON on input line 4688.
\c@Hy@tempcnt=\count105

("d:\Program Files (x86)\MiKTeX 2.9\tex\latex\url\url.sty"
\Urlmuskip=\muskip11
Package: url 2013/09/16  ver 3.4  Verb mode for urls, etc.
)
LaTeX Info: Redefining \url on input line 5041.
\XeTeXLinkMargin=\dimen115
\Fld@menulength=\count106
\Field@Width=\dimen116
\Fld@charsize=\dimen117
Package hyperref Info: Hyper figures OFF on input line 6295.
Package hyperref Info: Link nesting OFF on input line 6300.
Package hyperref Info: Hyper index ON on input line 6303.
Package hyperref Info: backreferencing OFF on input line 6310.
Package hyperref Info: Link coloring OFF on input line 6315.
Package hyperref Info: Link coloring with OCG OFF on input line 6320.
Package hyperref Info: PDF/A mode OFF on input line 6325.
LaTeX Info: Redefining \ref on input line 6365.
LaTeX Info: Redefining \pageref on input line 6369.
\Hy@abspage=\count107
\c@Item=\count108
\c@Hfootnote=\count109
)

Package hyperref Message: Driver (autodetected): hpdftex.

("d:\Program Files (x86)\MiKTeX 2.9\tex\latex\hyperref\hpdftex.def"
File: hpdftex.def 2012/11/06 v6.83m Hyperref driver for pdfTeX
\Fld@listcount=\count110
\c@bookmark@seq@number=\count111

("d:\Program Files (x86)\MiKTeX 2.9\tex\latex\oberdiek\rerunfilecheck.sty"
Package: rerunfilecheck 2011/04/15 v1.7 Rerun checks for auxiliary files (HO)
Package uniquecounter Info: New unique counter `rerunfilecheck' on input line 2
82.
)
\Hy@SectionHShift=\skip48
)
("d:\Program Files (x86)\MiKTeX 2.9\tex\latex\graphics\color.sty"
Package: color 2005/11/14 v1.0j Standard LaTeX Color (DPC)

("d:\Program Files (x86)\MiKTeX 2.9\tex\latex\00miktex\color.cfg"
File: color.cfg 2007/01/18 v1.5 color configuration of teTeX/TeXLive
)
Package color Info: Driver file: pdftex.def on input line 130.
)
("d:\Program Files (x86)\MiKTeX 2.9\tex\latex\float\float.sty"
Package: float 2001/11/08 v1.3d Float enhancements (AL)
\c@float@type=\count112
\float@exts=\toks20
\float@box=\box28
\@float@everytoks=\toks21
\@floatcapt=\box29
)
("D:\Ofir\Work\ENS\Polymer Chain Dynamics\Documents\Analysis of TAD\Report25071
4_OfirShukron.aux")
LaTeX Font Info:    Checking defaults for OML/cmm/m/it on input line 8.
LaTeX Font Info:    ... okay on input line 8.
LaTeX Font Info:    Checking defaults for T1/cmr/m/n on input line 8.
LaTeX Font Info:    ... okay on input line 8.
LaTeX Font Info:    Checking defaults for OT1/cmr/m/n on input line 8.
LaTeX Font Info:    ... okay on input line 8.
LaTeX Font Info:    Checking defaults for OMS/cmsy/m/n on input line 8.
LaTeX Font Info:    ... okay on input line 8.
LaTeX Font Info:    Checking defaults for OMX/cmex/m/n on input line 8.
LaTeX Font Info:    ... okay on input line 8.
LaTeX Font Info:    Checking defaults for U/cmr/m/n on input line 8.
LaTeX Font Info:    ... okay on input line 8.
LaTeX Font Info:    Checking defaults for PD1/pdf/m/n on input line 8.
LaTeX Font Info:    ... okay on input line 8.

("d:\Program Files (x86)\MiKTeX 2.9\tex\context\base\supp-pdf.mkii"
[Loading MPS to PDF converter (version 2006.09.02).]
\scratchcounter=\count113
\scratchdimen=\dimen118
\scratchbox=\box30
\nofMPsegments=\count114
\nofMParguments=\count115
\everyMPshowfont=\toks22
\MPscratchCnt=\count116
\MPscratchDim=\dimen119
\MPnumerator=\count117
\makeMPintoPDFobject=\count118
\everyMPtoPDFconversion=\toks23
)
\AtBeginShipoutBox=\box31
Package hyperref Info: Link coloring OFF on input line 8.
 ("d:\Program Files (x86)\MiKTeX 2.9\tex\latex\hyperref\nameref.sty"
Package: nameref 2012/10/27 v2.43 Cross-referencing by name of section

("d:\Program Files (x86)\MiKTeX 2.9\tex\generic\oberdiek\gettitlestring.sty"
Package: gettitlestring 2010/12/03 v1.4 Cleanup title references (HO)
)
\c@section@level=\count119
)
LaTeX Info: Redefining \ref on input line 8.
LaTeX Info: Redefining \pageref on input line 8.
LaTeX Info: Redefining \nameref on input line 8.

("D:\Ofir\Work\ENS\Polymer Chain Dynamics\Documents\Analysis of TAD\Report25071
4_OfirShukron.out")
("D:\Ofir\Work\ENS\Polymer Chain Dynamics\Documents\Analysis of TAD\Report25071
4_OfirShukron.out")
\@outlinefile=\write3
LaTeX Font Info:    Try loading font information for U+msa on input line 12.

("d:\Program Files (x86)\MiKTeX 2.9\tex\latex\amsfonts\umsa.fd"
File: umsa.fd 2013/01/14 v3.01 AMS symbols A
)
LaTeX Font Info:    Try loading font information for U+msb on input line 12.

("d:\Program Files (x86)\MiKTeX 2.9\tex\latex\amsfonts\umsb.fd"
File: umsb.fd 2013/01/14 v3.01 AMS symbols B
)

LaTeX Warning: No \author given.

[1


{C:/ProgramData/MiKTeX/2.9/pdftex/config/pdftex.map}]
<encounterHistogram123Loops.jpg, id=50, 1144.275pt x 488.82625pt>
File: encounterHistogram123Loops.jpg Graphic file (type jpg)

<use encounterHistogram123Loops.jpg>
Package pdftex.def Info: encounterHistogram123Loops.jpg used on input line 41.
(pdftex.def)             Requested size: 457.70189pt x 195.52702pt.

<meanEncounterProbability123Loops.jpg, id=51, 1144.275pt x 739.76375pt>
File: meanEncounterProbability123Loops.jpg Graphic file (type jpg)

<use meanEncounterProbability123Loops.jpg>
Package pdftex.def Info: meanEncounterProbability123Loops.jpg used on input lin
e 42.
(pdftex.def)             Requested size: 228.85094pt x 147.95012pt.
 [2] [3pdfTeX warning (ext4): destination with the same identifier (name{figure
.1}) has been already used, duplicate ignored

\AtBegShi@Output ...ipout \box \AtBeginShipoutBox 
                                                  \fi \fi 
l.53 
      <D:/Ofir/Work/ENS/Polymer Chain Dynamics/Documents/Analysis of TAD/encoun
terHistogram123Loops.jpg> <D:/Ofir/Work/ENS/Polymer Chain Dynamics/Documents/An
alysis of TAD/meanEncounterProbability123Loops.jpg>]
<encounterHistogram1To10InternalLoops.jpg, id=69, 1358.07375pt x 739.76375pt>
File: encounterHistogram1To10InternalLoops.jpg Graphic file (type jpg)

<use encounterHistogram1To10InternalLoops.jpg>
Package pdftex.def Info: encounterHistogram1To10InternalLoops.jpg used on input
 line 57.
(pdftex.def)             Requested size: 407.42526pt x 221.93083pt.

<meanEncounterProbabilityInternalLoops.jpg, id=70, 1358.07375pt x 739.76375pt>
File: meanEncounterProbabilityInternalLoops.jpg Graphic file (type jpg)

<use meanEncounterProbabilityInternalLoops.jpg>
Package pdftex.def Info: meanEncounterProbabilityInternalLoops.jpg used on inpu
t line 58.
(pdftex.def)             Requested size: 203.70227pt x 110.95976pt.

<polymerModelWithLoopAndInternalConnectors.jpg, id=71, 795.72281pt x 477.28313p
t>
File: polymerModelWithLoopAndInternalConnectors.jpg Graphic file (type jpg)
 <use polymerModelWithLoopAndInternalConnectors.jpg>
Package pdftex.def Info: polymerModelWithLoopAndInternalConnectors.jpg used on 
input line 59.
(pdftex.def)             Requested size: 159.14174pt x 95.45493pt.

Overfull \hbox (17.42526pt too wide) in paragraph at lines 57--60
 [][] 
 []

[4pdfTeX warning (ext4): destination with the same identifier (name{figure.2}) 
has been already used, duplicate ignored

\AtBegShi@Output ...ipout \box \AtBeginShipoutBox 
                                                  \fi \fi 
l.68 \subsubsection
                   {One TAD} <D:/Ofir/Work/ENS/Polymer Chain Dynamics/Documents
/Analysis of TAD/encounterHistogram1To10InternalLoops.jpg> <D:/Ofir/Work/ENS/Po
lymer Chain Dynamics/Documents/Analysis of TAD/meanEncounterProbabilityInternal
Loops.jpg> <D:/Ofir/Work/ENS/Polymer Chain Dynamics/Documents/Analysis of TAD/p
olymerModelWithLoopAndInternalConnectors.jpg>]
<encounterHistogram_1to8Loops.jpg, id=78, 1210.5225pt x 739.76375pt>
File: encounterHistogram_1to8Loops.jpg Graphic file (type jpg)

<use encounterHistogram_1to8Loops.jpg>
Package pdftex.def Info: encounterHistogram_1to8Loops.jpg used on input line 74
.
(pdftex.def)             Requested size: 302.62988pt x 184.94048pt.

<meanEncounterProbabilityOneTAD1To8Loops.jpg, id=79, 1423.3175pt x 739.76375pt>
File: meanEncounterProbabilityOneTAD1To8Loops.jpg Graphic file (type jpg)
<use meanEncounterProbabilityOneTAD1To8Loops.jpg>
Package pdftex.def Info: meanEncounterProbabilityOneTAD1To8Loops.jpg used on in
put line 75.
(pdftex.def)             Requested size: 170.79073pt x 88.7678pt.

<fittedExpOneTAD1To8Loops.jpg, id=80, 1423.3175pt x 739.76375pt>
File: fittedExpOneTAD1To8Loops.jpg Graphic file (type jpg)

<use fittedExpOneTAD1To8Loops.jpg>
Package pdftex.def Info: fittedExpOneTAD1To8Loops.jpg used on input line 76.
(pdftex.def)             Requested size: 170.79073pt x 88.7678pt.
 [5pdfTeX warning (ext4): destination with the same identifier (name{figure.3})
 has been already used, duplicate ignored

\AtBegShi@Output ...ipout \box \AtBeginShipoutBox 
                                                  \fi \fi 
l.82 
      <D:/Ofir/Work/ENS/Polymer Chain Dynamics/Documents/Analysis of TAD/encoun
terHistogram_1to8Loops.jpg> <D:/Ofir/Work/ENS/Polymer Chain Dynamics/Documents/
Analysis of TAD/meanEncounterProbabilityOneTAD1To8Loops.jpg> <D:/Ofir/Work/ENS/
Polymer Chain Dynamics/Documents/Analysis of TAD/fittedExpOneTAD1To8Loops.jpg>]
<encounterHistogram1To10LoopsInEachTAD.jpg, id=86, 1120.185pt x 739.76375pt>
File: encounterHistogram1To10LoopsInEachTAD.jpg Graphic file (type jpg)

<use encounterHistogram1To10LoopsInEachTAD.jpg>
Package pdftex.def Info: encounterHistogram1To10LoopsInEachTAD.jpg used on inpu
t line 85.
(pdftex.def)             Requested size: 280.04556pt x 184.94048pt.

<meanEncounterProbabilityTwoTADs.jpg, id=87, 1284.8pt x 739.76375pt>
File: meanEncounterProbabilityTwoTADs.jpg Graphic file (type jpg)

<use meanEncounterProbabilityTwoTADs.jpg>
Package pdftex.def Info: meanEncounterProbabilityTwoTADs.jpg used on input line
 86.
(pdftex.def)             Requested size: 128.48752pt x 73.9807pt.

<fittedExpTwoTADs1To10Loops.jpg, id=88, 1317.92375pt x 739.76375pt>
File: fittedExpTwoTADs1To10Loops.jpg Graphic file (type jpg)

<use fittedExpTwoTADs1To10Loops.jpg>
Package pdftex.def Info: fittedExpTwoTADs1To10Loops.jpg used on input line 87.
(pdftex.def)             Requested size: 131.8001pt x 73.9807pt.
 [6pdfTeX warning (ext4): destination with the same identifier (name{figure.4})
 has been already used, duplicate ignored

\AtBegShi@Output ...ipout \box \AtBeginShipoutBox 
                                                  \fi \fi 
l.95 \begin{enumerate}
                       <D:/Ofir/Work/ENS/Polymer Chain Dynamics/Documents/Analy
sis of TAD/encounterHistogram1To10LoopsInEachTAD.jpg> <D:/Ofir/Work/ENS/Polymer
 Chain Dynamics/Documents/Analysis of TAD/meanEncounterProbabilityTwoTADs.jpg> 
<D:/Ofir/Work/ENS/Polymer Chain Dynamics/Documents/Analysis of TAD/fittedExpTwo
TADs1To10Loops.jpg>]
<possibleArrangementOfThreeBeadsAndAloop.jpg, id=95, 371.13657pt x 560.8453pt>
File: possibleArrangementOfThreeBeadsAndAloop.jpg Graphic file (type jpg)

<use possibleArrangementOfThreeBeadsAndAloop.jpg>
Package pdftex.def Info: possibleArrangementOfThreeBeadsAndAloop.jpg used on in
put line 113.
(pdftex.def)             Requested size: 185.56783pt x 280.42197pt.
 [7]
Package atveryend Info: Empty hook `BeforeClearDocument' on input line 141.
 [8pdfTeX warning (ext4): destination with the same identifier (name{figure.5})
 has been already used, duplicate ignored

\AtBegShi@Output ...ipout \box \AtBeginShipoutBox 
                                                  \fi \fi 
l.141 \end{document}
                     <D:/Ofir/Work/ENS/Polymer Chain Dynamics/Documents/Analysi
s of TAD/possibleArrangementOfThreeBeadsAndAloop.jpg>] [9pdfTeX warning (ext4):
 destination with the same identifier (name{table.1}) has been already used, du
plicate ignored

\AtBegShi@Output ...ipout \box \AtBeginShipoutBox 
                                                  \fi \fi 
l.141 \end{document}
                    ]
Package atveryend Info: Empty hook `AfterLastShipout' on input line 141.

("D:\Ofir\Work\ENS\Polymer Chain Dynamics\Documents\Analysis of TAD\Report25071
4_OfirShukron.aux")
Package atveryend Info: Executing hook `AtVeryEndDocument' on input line 141.
Package atveryend Info: Executing hook `AtEndAfterFileList' on input line 141.
Package rerunfilecheck Info: File `Report250714_OfirShukron.out' has not change
d.
(rerunfilecheck)             Checksum: 3677FDE11DD5054108A45919AC9F4ACE;568.
Package atveryend Info: Empty hook `AtVeryVeryEnd' on input line 141.
 ) 
Here is how much of TeX's memory you used:
 6200 strings out of 493921
 90492 string characters out of 3144879
 171950 words of memory out of 3000000
 9388 multiletter control sequences out of 15000+200000
 14899 words of font info for 56 fonts, out of 3000000 for 9000
 841 hyphenation exceptions out of 8191
 29i,9n,28p,916b,348s stack positions out of 5000i,500n,10000p,200000b,50000s
<d:/Program Files (x86)/MiKTeX 2.9/fonts/type1/public/amsfonts/cm/cmmi12.pfb>
<d:/Program Files (x86)/MiKTeX 2.9/fonts/type1/public/amsfonts/cm/cmmi6.pfb><d:
/Program Files (x86)/MiKTeX 2.9/fonts/type1/public/amsfonts/cm/cmmi8.pfb><d:/Pr
ogram Files (x86)/MiKTeX 2.9/fonts/type1/public/amsfonts/cm/cmr10.pfb><d:/Progr
am Files (x86)/MiKTeX 2.9/fonts/type1/public/amsfonts/cm/cmr12.pfb><d:/Program 
Files (x86)/MiKTeX 2.9/fonts/type1/public/amsfonts/cm/cmr8.pfb><d:/Program File
s (x86)/MiKTeX 2.9/fonts/type1/public/amsfonts/cm/cmss10.pfb><d:/Program Files 
(x86)/MiKTeX 2.9/fonts/type1/public/amsfonts/cm/cmss12.pfb><d:/Program Files (x
86)/MiKTeX 2.9/fonts/type1/public/amsfonts/cm/cmssbx10.pfb><d:/Program Files (x
86)/MiKTeX 2.9/fonts/type1/public/amsfonts/cm/cmsy10.pfb><d:/Program Files (x86
)/MiKTeX 2.9/fonts/type1/public/amsfonts/cm/cmsy6.pfb><d:/Program Files (x86)/M
iKTeX 2.9/fonts/type1/public/amsfonts/cm/cmsy8.pfb><d:/Program Files (x86)/MiKT
eX 2.9/fonts/type1/public/amsfonts/cm/cmti12.pfb>
Output written on Report250714_OfirShukron.pdf (9 pages, 1505145 bytes).
PDF statistics:
 179 PDF objects out of 1000 (max. 8388607)
 38 named destinations out of 1000 (max. 500000)
 125 words of extra memory for PDF output out of 10000 (max. 10000000)

