This is pdfTeX, Version 3.1415926-2.5-1.40.14 (TeX Live 2013/Debian) (format=pdflatex 2015.5.3)  17 MAY 2015 16:38
entering extended mode
 restricted \write18 enabled.
 %&-line parsing enabled.
**"Polymer Chain Dynamics_summary of Findings .tex"
(./Polymer Chain Dynamics_summary of Findings .tex
LaTeX2e <2011/06/27>
Babel <3.9h> and hyphenation patterns for 2 languages loaded.
(/usr/share/texlive/texmf-dist/tex/latex/base/book.cls
Document Class: book 2007/10/19 v1.4h Standard LaTeX document class
(/usr/share/texlive/texmf-dist/tex/latex/base/bk12.clo
File: bk12.clo 2007/10/19 v1.4h Standard LaTeX file (size option)
)
\c@part=\count79
\c@chapter=\count80
\c@section=\count81
\c@subsection=\count82
\c@subsubsection=\count83
\c@paragraph=\count84
\c@subparagraph=\count85
\c@figure=\count86
\c@table=\count87
\abovecaptionskip=\skip41
\belowcaptionskip=\skip42
\bibindent=\dimen102
)
(/usr/share/texlive/texmf-dist/tex/latex/amsmath/amsmath.sty
Package: amsmath 2013/01/14 v2.14 AMS math features
\@mathmargin=\skip43

For additional information on amsmath, use the `?' option.
(/usr/share/texlive/texmf-dist/tex/latex/amsmath/amstext.sty
Package: amstext 2000/06/29 v2.01

(/usr/share/texlive/texmf-dist/tex/latex/amsmath/amsgen.sty
File: amsgen.sty 1999/11/30 v2.0
\@emptytoks=\toks14
\ex@=\dimen103
))
(/usr/share/texlive/texmf-dist/tex/latex/amsmath/amsbsy.sty
Package: amsbsy 1999/11/29 v1.2d
\pmbraise@=\dimen104
)
(/usr/share/texlive/texmf-dist/tex/latex/amsmath/amsopn.sty
Package: amsopn 1999/12/14 v2.01 operator names
)
\inf@bad=\count88
LaTeX Info: Redefining \frac on input line 210.
\uproot@=\count89
\leftroot@=\count90
LaTeX Info: Redefining \overline on input line 306.
\classnum@=\count91
\DOTSCASE@=\count92
LaTeX Info: Redefining \ldots on input line 378.
LaTeX Info: Redefining \dots on input line 381.
LaTeX Info: Redefining \cdots on input line 466.
\Mathstrutbox@=\box26
\strutbox@=\box27
\big@size=\dimen105
LaTeX Font Info:    Redeclaring font encoding OML on input line 566.
LaTeX Font Info:    Redeclaring font encoding OMS on input line 567.
\macc@depth=\count93
\c@MaxMatrixCols=\count94
\dotsspace@=\muskip10
\c@parentequation=\count95
\dspbrk@lvl=\count96
\tag@help=\toks15
\row@=\count97
\column@=\count98
\maxfields@=\count99
\andhelp@=\toks16
\eqnshift@=\dimen106
\alignsep@=\dimen107
\tagshift@=\dimen108
\tagwidth@=\dimen109
\totwidth@=\dimen110
\lineht@=\dimen111
\@envbody=\toks17
\multlinegap=\skip44
\multlinetaggap=\skip45
\mathdisplay@stack=\toks18
LaTeX Info: Redefining \[ on input line 2665.
LaTeX Info: Redefining \] on input line 2666.
)
(/usr/share/texlive/texmf-dist/tex/latex/amsfonts/amssymb.sty
Package: amssymb 2013/01/14 v3.01 AMS font symbols

(/usr/share/texlive/texmf-dist/tex/latex/amsfonts/amsfonts.sty
Package: amsfonts 2013/01/14 v3.01 Basic AMSFonts support
\symAMSa=\mathgroup4
\symAMSb=\mathgroup5
LaTeX Font Info:    Overwriting math alphabet `\mathfrak' in version `bold'
(Font)                  U/euf/m/n --> U/euf/b/n on input line 106.
))
(/usr/share/texlive/texmf-dist/tex/latex/graphics/graphicx.sty
Package: graphicx 1999/02/16 v1.0f Enhanced LaTeX Graphics (DPC,SPQR)

(/usr/share/texlive/texmf-dist/tex/latex/graphics/keyval.sty
Package: keyval 1999/03/16 v1.13 key=value parser (DPC)
\KV@toks@=\toks19
)
(/usr/share/texlive/texmf-dist/tex/latex/graphics/graphics.sty
Package: graphics 2009/02/05 v1.0o Standard LaTeX Graphics (DPC,SPQR)

(/usr/share/texlive/texmf-dist/tex/latex/graphics/trig.sty
Package: trig 1999/03/16 v1.09 sin cos tan (DPC)
)
(/usr/share/texlive/texmf-dist/tex/latex/latexconfig/graphics.cfg
File: graphics.cfg 2010/04/23 v1.9 graphics configuration of TeX Live
)
Package graphics Info: Driver file: pdftex.def on input line 91.

(/usr/share/texlive/texmf-dist/tex/latex/pdftex-def/pdftex.def
File: pdftex.def 2011/05/27 v0.06d Graphics/color for pdfTeX

(/usr/share/texlive/texmf-dist/tex/generic/oberdiek/infwarerr.sty
Package: infwarerr 2010/04/08 v1.3 Providing info/warning/error messages (HO)
)
(/usr/share/texlive/texmf-dist/tex/generic/oberdiek/ltxcmds.sty
Package: ltxcmds 2011/11/09 v1.22 LaTeX kernel commands for general use (HO)
)
\Gread@gobject=\count100
))
\Gin@req@height=\dimen112
\Gin@req@width=\dimen113
)
(/usr/share/texlive/texmf-dist/tex/latex/hyperref/hyperref.sty
Package: hyperref 2012/11/06 v6.83m Hypertext links for LaTeX

(/usr/share/texlive/texmf-dist/tex/generic/oberdiek/hobsub-hyperref.sty
Package: hobsub-hyperref 2012/05/28 v1.13 Bundle oberdiek, subset hyperref (HO)


(/usr/share/texlive/texmf-dist/tex/generic/oberdiek/hobsub-generic.sty
Package: hobsub-generic 2012/05/28 v1.13 Bundle oberdiek, subset generic (HO)
Package: hobsub 2012/05/28 v1.13 Construct package bundles (HO)
Package hobsub Info: Skipping package `infwarerr' (already loaded).
Package hobsub Info: Skipping package `ltxcmds' (already loaded).
Package: ifluatex 2010/03/01 v1.3 Provides the ifluatex switch (HO)
Package ifluatex Info: LuaTeX not detected.
Package: ifvtex 2010/03/01 v1.5 Detect VTeX and its facilities (HO)
Package ifvtex Info: VTeX not detected.
Package: intcalc 2007/09/27 v1.1 Expandable calculations with integers (HO)
Package: ifpdf 2011/01/30 v2.3 Provides the ifpdf switch (HO)
Package ifpdf Info: pdfTeX in PDF mode is detected.
Package: etexcmds 2011/02/16 v1.5 Avoid name clashes with e-TeX commands (HO)
Package etexcmds Info: Could not find \expanded.
(etexcmds)             That can mean that you are not using pdfTeX 1.50 or
(etexcmds)             that some package has redefined \expanded.
(etexcmds)             In the latter case, load this package earlier.
Package: kvsetkeys 2012/04/25 v1.16 Key value parser (HO)
Package: kvdefinekeys 2011/04/07 v1.3 Define keys (HO)
Package: pdftexcmds 2011/11/29 v0.20 Utility functions of pdfTeX for LuaTeX (HO
)
Package pdftexcmds Info: LuaTeX not detected.
Package pdftexcmds Info: \pdf@primitive is available.
Package pdftexcmds Info: \pdf@ifprimitive is available.
Package pdftexcmds Info: \pdfdraftmode found.
Package: pdfescape 2011/11/25 v1.13 Implements pdfTeX's escape features (HO)
Package: bigintcalc 2012/04/08 v1.3 Expandable calculations on big integers (HO
)
Package: bitset 2011/01/30 v1.1 Handle bit-vector datatype (HO)
Package: uniquecounter 2011/01/30 v1.2 Provide unlimited unique counter (HO)
)
Package hobsub Info: Skipping package `hobsub' (already loaded).
Package: letltxmacro 2010/09/02 v1.4 Let assignment for LaTeX macros (HO)
Package: hopatch 2012/05/28 v1.2 Wrapper for package hooks (HO)
Package: xcolor-patch 2011/01/30 xcolor patch
Package: atveryend 2011/06/30 v1.8 Hooks at the very end of document (HO)
Package atveryend Info: \enddocument detected (standard20110627).
Package: atbegshi 2011/10/05 v1.16 At begin shipout hook (HO)
Package: refcount 2011/10/16 v3.4 Data extraction from label references (HO)
Package: hycolor 2011/01/30 v1.7 Color options for hyperref/bookmark (HO)
)
(/usr/share/texlive/texmf-dist/tex/generic/ifxetex/ifxetex.sty
Package: ifxetex 2010/09/12 v0.6 Provides ifxetex conditional
)
(/usr/share/texlive/texmf-dist/tex/latex/oberdiek/auxhook.sty
Package: auxhook 2011/03/04 v1.3 Hooks for auxiliary files (HO)
)
(/usr/share/texlive/texmf-dist/tex/latex/oberdiek/kvoptions.sty
Package: kvoptions 2011/06/30 v3.11 Key value format for package options (HO)
)
\@linkdim=\dimen114
\Hy@linkcounter=\count101
\Hy@pagecounter=\count102

(/usr/share/texlive/texmf-dist/tex/latex/hyperref/pd1enc.def
File: pd1enc.def 2012/11/06 v6.83m Hyperref: PDFDocEncoding definition (HO)
)
\Hy@SavedSpaceFactor=\count103

(/usr/share/texlive/texmf-dist/tex/latex/latexconfig/hyperref.cfg
File: hyperref.cfg 2002/06/06 v1.2 hyperref configuration of TeXLive
)
Package hyperref Info: Hyper figures OFF on input line 4443.
Package hyperref Info: Link nesting OFF on input line 4448.
Package hyperref Info: Hyper index ON on input line 4451.
Package hyperref Info: Plain pages OFF on input line 4458.
Package hyperref Info: Backreferencing OFF on input line 4463.
Package hyperref Info: Implicit mode ON; LaTeX internals redefined.
Package hyperref Info: Bookmarks ON on input line 4688.
\c@Hy@tempcnt=\count104

(/usr/share/texlive/texmf-dist/tex/latex/url/url.sty
\Urlmuskip=\muskip11
Package: url 2013/09/16  ver 3.4  Verb mode for urls, etc.
)
LaTeX Info: Redefining \url on input line 5041.
\XeTeXLinkMargin=\dimen115
\Fld@menulength=\count105
\Field@Width=\dimen116
\Fld@charsize=\dimen117
Package hyperref Info: Hyper figures OFF on input line 6295.
Package hyperref Info: Link nesting OFF on input line 6300.
Package hyperref Info: Hyper index ON on input line 6303.
Package hyperref Info: backreferencing OFF on input line 6310.
Package hyperref Info: Link coloring OFF on input line 6315.
Package hyperref Info: Link coloring with OCG OFF on input line 6320.
Package hyperref Info: PDF/A mode OFF on input line 6325.
LaTeX Info: Redefining \ref on input line 6365.
LaTeX Info: Redefining \pageref on input line 6369.
\Hy@abspage=\count106
\c@Item=\count107
\c@Hfootnote=\count108
)

Package hyperref Message: Driver (autodetected): hpdftex.

(/usr/share/texlive/texmf-dist/tex/latex/hyperref/hpdftex.def
File: hpdftex.def 2012/11/06 v6.83m Hyperref driver for pdfTeX
\Fld@listcount=\count109
\c@bookmark@seq@number=\count110

(/usr/share/texlive/texmf-dist/tex/latex/oberdiek/rerunfilecheck.sty
Package: rerunfilecheck 2011/04/15 v1.7 Rerun checks for auxiliary files (HO)
Package uniquecounter Info: New unique counter `rerunfilecheck' on input line 2
82.
)
\Hy@SectionHShift=\skip46
)
Package hyperref Info: Option `colorlinks' set `true' on input line 6.


Package hyperref Warning: Option `backref' has already been used,
(hyperref)                setting the option has no effect on input line 6.

(/usr/share/texlive/texmf-dist/tex/latex/graphics/color.sty
Package: color 2005/11/14 v1.0j Standard LaTeX Color (DPC)

(/usr/share/texlive/texmf-dist/tex/latex/latexconfig/color.cfg
File: color.cfg 2007/01/18 v1.5 color configuration of teTeX/TeXLive
)
Package color Info: Driver file: pdftex.def on input line 130.
)
(/usr/share/texlive/texmf-dist/tex/latex/float/float.sty
Package: float 2001/11/08 v1.3d Float enhancements (AL)
\c@float@type=\count111
\float@exts=\toks20
\float@box=\box28
\@float@everytoks=\toks21
\@floatcapt=\box29
)
(./Polymer Chain Dynamics_summary of Findings .aux)
\openout1 = `"Polymer Chain Dynamics_summary of Findings .aux"'.

LaTeX Font Info:    Checking defaults for OML/cmm/m/it on input line 10.
LaTeX Font Info:    ... okay on input line 10.
LaTeX Font Info:    Checking defaults for T1/cmr/m/n on input line 10.
LaTeX Font Info:    ... okay on input line 10.
LaTeX Font Info:    Checking defaults for OT1/cmr/m/n on input line 10.
LaTeX Font Info:    ... okay on input line 10.
LaTeX Font Info:    Checking defaults for OMS/cmsy/m/n on input line 10.
LaTeX Font Info:    ... okay on input line 10.
LaTeX Font Info:    Checking defaults for OMX/cmex/m/n on input line 10.
LaTeX Font Info:    ... okay on input line 10.
LaTeX Font Info:    Checking defaults for U/cmr/m/n on input line 10.
LaTeX Font Info:    ... okay on input line 10.
LaTeX Font Info:    Checking defaults for PD1/pdf/m/n on input line 10.
LaTeX Font Info:    ... okay on input line 10.

(/usr/share/texlive/texmf-dist/tex/context/base/supp-pdf.mkii
[Loading MPS to PDF converter (version 2006.09.02).]
\scratchcounter=\count112
\scratchdimen=\dimen118
\scratchbox=\box30
\nofMPsegments=\count113
\nofMParguments=\count114
\everyMPshowfont=\toks22
\MPscratchCnt=\count115
\MPscratchDim=\dimen119
\MPnumerator=\count116
\makeMPintoPDFobject=\count117
\everyMPtoPDFconversion=\toks23
) (/usr/share/texlive/texmf-dist/tex/latex/oberdiek/epstopdf-base.sty
Package: epstopdf-base 2010/02/09 v2.5 Base part for package epstopdf

(/usr/share/texlive/texmf-dist/tex/latex/oberdiek/grfext.sty
Package: grfext 2010/08/19 v1.1 Manage graphics extensions (HO)
)
Package grfext Info: Graphics extension search list:
(grfext)             [.png,.pdf,.jpg,.mps,.jpeg,.jbig2,.jb2,.PNG,.PDF,.JPG,.JPE
G,.JBIG2,.JB2,.eps]
(grfext)             \AppendGraphicsExtensions on input line 452.

(/usr/share/texlive/texmf-dist/tex/latex/latexconfig/epstopdf-sys.cfg
File: epstopdf-sys.cfg 2010/07/13 v1.3 Configuration of (r)epstopdf for TeX Liv
e
))
\AtBeginShipoutBox=\box31
Package hyperref Info: Link coloring ON on input line 10.

(/usr/share/texlive/texmf-dist/tex/latex/hyperref/nameref.sty
Package: nameref 2012/10/27 v2.43 Cross-referencing by name of section

(/usr/share/texlive/texmf-dist/tex/generic/oberdiek/gettitlestring.sty
Package: gettitlestring 2010/12/03 v1.4 Cleanup title references (HO)
)
\c@section@level=\count118
)
LaTeX Info: Redefining \ref on input line 10.
LaTeX Info: Redefining \pageref on input line 10.
LaTeX Info: Redefining \nameref on input line 10.

(./Polymer Chain Dynamics_summary of Findings .out)
(./Polymer Chain Dynamics_summary of Findings .out)
\@outlinefile=\write3
\openout3 = `"Polymer Chain Dynamics_summary of Findings .out"'.

LaTeX Font Info:    Try loading font information for U+msa on input line 13.

(/usr/share/texlive/texmf-dist/tex/latex/amsfonts/umsa.fd
File: umsa.fd 2013/01/14 v3.01 AMS symbols A
)
LaTeX Font Info:    Try loading font information for U+msb on input line 13.

(/usr/share/texlive/texmf-dist/tex/latex/amsfonts/umsb.fd
File: umsb.fd 2013/01/14 v3.01 AMS symbols B
)

LaTeX Warning: No \author given.

[1


{/var/lib/texmf/fonts/map/pdftex/updmap/pdftex.map}] [2

]
(./Polymer Chain Dynamics_summary of Findings .toc [3])
\tf@toc=\write4
\openout4 = `"Polymer Chain Dynamics_summary of Findings .toc"'.

 [4]
Chapter 1.

Overfull \hbox (43.14171pt too wide) in paragraph at lines 17--17
[]\OT1/cmr/bx/n/17.28 The Topo-log-i-cally as-so-ci-at-ing do-mains (TADs) 
 []

<TADsOfTheXChromosome_NoraEtAl2012.jpg, id=247, 563.85657pt x 577.40718pt>
File: TADsOfTheXChromosome_NoraEtAl2012.jpg Graphic file (type jpg)

<use TADsOfTheXChromosome_NoraEtAl2012.jpg>
Package pdftex.def Info: TADsOfTheXChromosome_NoraEtAl2012.jpg used on input li
ne 28.
(pdftex.def)             Requested size: 281.9276pt x 288.70288pt.
 [5

]
<geneSequencesTADDandE.jpg, id=260, 1234.6125pt x 168.63pt>
File: geneSequencesTADDandE.jpg Graphic file (type jpg)

<use geneSequencesTADDandE.jpg>
Package pdftex.def Info: geneSequencesTADDandE.jpg used on input line 34.
(pdftex.def)             Requested size: 370.38661pt x 50.58939pt.
 [6pdfTeX warning (ext4): destination with the same identifier (name{figure.1.1
}) has been already used, duplicate ignored

\AtBegShi@Output ...ipout \box \AtBeginShipoutBox 
                                                  \fi \fi 
l.46 \item N
            uclei are \href{http://en.wikipedia.org/wiki/Crosslinking_of_DNA...
pdfTeX warning (ext4): destination with the same identifier (name{figure.1.2}) 
has been already used, duplicate ignored

\AtBegShi@Output ...ipout \box \AtBeginShipoutBox 
                                                  \fi \fi 
l.46 \item N
            uclei are \href{http://en.wikipedia.org/wiki/Crosslinking_of_DNA...
 <./TADsOfTheXChromosome_NoraEtAl2012.jpg> <./geneSequencesTADDandE.jpg>]
Overfull \hbox (32.5345pt too wide) in paragraph at lines 46--48
[]\OT1/cmr/m/n/12 Nuclei are [][]cross-linked[][] by us-ing $1%$ [][]formalde-h
yde[][], or its rel-a-tive paraformalde-
 []

<crosslinkFormaldehydeProtein.jpg, id=279, 482.55281pt x 150.5625pt>
File: crosslinkFormaldehydeProtein.jpg Graphic file (type jpg)

<use crosslinkFormaldehydeProtein.jpg>
Package pdftex.def Info: crosslinkFormaldehydeProtein.jpg used on input line 51
.
(pdftex.def)             Requested size: 144.76695pt x 45.16908pt.
 [7pdfTeX warning (ext4): destination with the same identifier (name{figure.1.3
}) has been already used, duplicate ignored

\AtBegShi@Output ...ipout \box \AtBeginShipoutBox 
                                                  \fi \fi 
l.69 \end{enumerate}
                     <./crosslinkFormaldehydeProtein.jpg>]
<3Cschematic.jpg, id=308, 465.23813pt x 298.11375pt>
File: 3Cschematic.jpg Graphic file (type jpg)
 <use 3Cschematic.jpg>
Package pdftex.def Info: 3Cschematic.jpg used on input line 73.
(pdftex.def)             Requested size: 186.09195pt x 119.24338pt.

[8pdfTeX warning (ext4): destination with the same identifier (name{figure.1.4}
) has been already used, duplicate ignored

\AtBegShi@Output ...ipout \box \AtBeginShipoutBox 
                                                  \fi \fi 
l.80 \chapter
             {Analysis of the experimental data}\label{chapter_AnalysisOfThe...
 <./3Cschematic.jpg>]
Chapter 2.
[9

]
Missing character: There is no â in font cmr12!
Missing character: There is no € in font cmr12!
Missing character: There is no ™ in font cmr12!
Missing character: There is no â in font cmr12!
Missing character: There is no € in font cmr12!
Missing character: There is no ¦ in font cmr12!
Missing character: There is no â in font cmr12!
Missing character: There is no € in font cmr12!
Missing character: There is no ™ in font cmr12!
Missing character: There is no â in font cmr12!
Missing character: There is no € in font cmr12!
Missing character: There is no ™ in font cmr12!
 [10] <symmetryOfEncountersRep1.jpg, id=339, 563.10374pt x 421.575pt>
File: symmetryOfEncountersRep1.jpg Graphic file (type jpg)

<use symmetryOfEncountersRep1.jpg>
Package pdftex.def Info: symmetryOfEncountersRep1.jpg used on input line 143.
(pdftex.def)             Requested size: 168.93242pt x 126.47346pt.

<symmetryOfEncountersRep2.jpg, id=341, 563.10374pt x 421.575pt>
File: symmetryOfEncountersRep2.jpg Graphic file (type jpg)

<use symmetryOfEncountersRep2.jpg>
Package pdftex.def Info: symmetryOfEncountersRep2.jpg used on input line 144.
(pdftex.def)             Requested size: 168.93242pt x 126.47346pt.

<symmetryOfEncountersAverage.jpg, id=343, 563.10374pt x 421.575pt>
File: symmetryOfEncountersAverage.jpg Graphic file (type jpg)

<use symmetryOfEncountersAverage.jpg>
Package pdftex.def Info: symmetryOfEncountersAverage.jpg used on input line 145
.
(pdftex.def)             Requested size: 168.93242pt x 126.47346pt.

Underfull \hbox (badness 10000) in paragraph at lines 143--146
[][] []
 []

[11]
<EncounterFrequenciesByDistanceRep1.jpg, id=353, 1687.30376pt x 937.5025pt>
File: EncounterFrequenciesByDistanceRep1.jpg Graphic file (type jpg)

<use EncounterFrequenciesByDistanceRep1.jpg>
Package pdftex.def Info: EncounterFrequenciesByDistanceRep1.jpg used on input l
ine 160.
(pdftex.def)             Requested size: 337.45477pt x 187.49718pt.
 [12pdfTeX warning (ext4): destination with the same identifier (name{figure.2.
1}) has been already used, duplicate ignored

\AtBegShi@Output ...ipout \box \AtBeginShipoutBox 
                                                  \fi \fi 
l.164 
       <./symmetryOfEncountersRep1.jpg> <./symmetryOfEncountersRep2.jpg> <./sym
metryOfEncountersAverage.jpg>] [13pdfTeX warning (ext4): destination with the s
ame identifier (name{figure.2.2}) has been already used, duplicate ignored

\AtBegShi@Output ...ipout \box \AtBeginShipoutBox 
                                                  \fi \fi 
l.170 
       <./EncounterFrequenciesByDistanceRep1.jpg>]

Package hyperref Warning: Token not allowed in a PDF string (PDFDocEncoding):
(hyperref)                removing `math shift' on input line 173.


Package hyperref Warning: Token not allowed in a PDF string (PDFDocEncoding):
(hyperref)                removing `superscript' on input line 173.


Package hyperref Warning: Token not allowed in a PDF string (PDFDocEncoding):
(hyperref)                removing `math shift' on input line 173.

<encoutnerProbByDist307BeadsAverageData.jpg, id=371, 1686.3pt x 890.32625pt>
File: encoutnerProbByDist307BeadsAverageData.jpg Graphic file (type jpg)

<use encoutnerProbByDist307BeadsAverageData.jpg>
Package pdftex.def Info: encoutnerProbByDist307BeadsAverageData.jpg used on inp
ut line 185.
(pdftex.def)             Requested size: 168.63988pt x 89.03784pt.

<encounterProbHistogramDist1.jpg, id=372, 1686.3pt x 937.5025pt>
File: encounterProbHistogramDist1.jpg Graphic file (type jpg)

<use encounterProbHistogramDist1.jpg>
Package pdftex.def Info: encounterProbHistogramDist1.jpg used on input line 186
.
(pdftex.def)             Requested size: 168.63988pt x 93.75574pt.


Package hyperref Warning: Token not allowed in a PDF string (PDFDocEncoding):
(hyperref)                removing `math shift' on input line 194.


Package hyperref Warning: Token not allowed in a PDF string (PDFDocEncoding):
(hyperref)                removing `math shift' on input line 194.


Overfull \hbox (14.46379pt too wide) in paragraph at lines 196--196
[]\OT1/cmr/bx/n/17.28 Determining the spring con-stant for peaks 
 []

[14pdfTeX warning (ext4): destination with the same identifier (name{figure.2.3
}) has been already used, duplicate ignored

\AtBegShi@Output ...ipout \box \AtBeginShipoutBox 
                                                  \fi \fi 
l.198 
       <./encoutnerProbByDist307BeadsAverageData.jpg> <./encounterProbHistogram
Dist1.jpg>] [15]
<fittedExpValuesWithSplineRep1.jpg, id=385, 1687.30376pt x 937.5025pt>
File: fittedExpValuesWithSplineRep1.jpg Graphic file (type jpg)

<use fittedExpValuesWithSplineRep1.jpg>
Package pdftex.def Info: fittedExpValuesWithSplineRep1.jpg used on input line 2
40.
(pdftex.def)             Requested size: 253.08464pt x 140.61931pt.
 [16pdfTeX warning (ext4): destination with the same identifier (name{figure.2.
4}) has been already used, duplicate ignored

\AtBegShi@Output ...ipout \box \AtBeginShipoutBox 
                                                  \fi \fi 
l.247 \section
              {Analysis of random loop model} <./fittedExpValuesWithSplineRep1.
jpg>] [17] [18

]
Chapter 3.

Overfull \hbox (0.22234pt too wide) in paragraph at lines 255--257
\OT1/cmr/m/n/12 We have con-structed a com-pu-ta-tional stochas-tic sim-u-la-ti
on frame-work, which
 []

[19] <chainExample108BeadsWith2Loops.jpg, id=414, 1154.81438pt x 698.61pt>
File: chainExample108BeadsWith2Loops.jpg Graphic file (type jpg)

<use chainExample108BeadsWith2Loops.jpg>
Package pdftex.def Info: chainExample108BeadsWith2Loops.jpg used on input line 
302.
(pdftex.def)             Requested size: 230.95879pt x 139.71951pt.

<chainExample108Beads.jpg, id=415, 907.89188pt x 689.57625pt>
File: chainExample108Beads.jpg Graphic file (type jpg)

<use chainExample108Beads.jpg>
Package pdftex.def Info: chainExample108Beads.jpg used on input line 303.
(pdftex.def)             Requested size: 181.57515pt x 137.9128pt.

Overfull \hbox (25.14502pt too wide) in paragraph at lines 302--304
[][] []
 []

[20] <distanceMatrix64Beads.jpg, id=422, 655.44875pt x 464.73625pt>
File: distanceMatrix64Beads.jpg Graphic file (type jpg)

<use distanceMatrix64Beads.jpg>
Package pdftex.def Info: distanceMatrix64Beads.jpg used on input line 328.
(pdftex.def)             Requested size: 196.63614pt x 139.42194pt.
 [21pdfTeX warning (ext4): destination with the same identifier (name{figure.3.
1}) has been already used, duplicate ignored

\AtBegShi@Output ...ipout \box \AtBeginShipoutBox 
                                                  \fi \fi 
l.331 \end{figure}
                   <./chainExample108BeadsWith2Loops.jpg> <./chainExample108Bea
ds.jpg>]
<rmsDistanceBead1ToBeads2To64AndTheoreticalResults.jpg, id=429, 930.47626pt x 5
88.1975pt>
File: rmsDistanceBead1ToBeads2To64AndTheoreticalResults.jpg Graphic file (type 
jpg)
 <use rmsDistanceBead1ToBeads2To64AndTheoreticalResults.jpg>
Package pdftex.def Info: rmsDistanceBead1ToBeads2To64AndTheoreticalResults.jpg 
used on input line 349.
(pdftex.def)             Requested size: 279.14502pt x 176.4606pt.
 [22pdfTeX warning (ext4): destination with the same identifier (name{figure.3.
2}) has been already used, duplicate ignored

\AtBegShi@Output ...ipout \box \AtBeginShipoutBox 
                                                  \fi \fi 
l.353 
       <./distanceMatrix64Beads.jpg>]
<encounterMatrix64Beads.jpg, id=440, 598.235pt x 475.7775pt>
File: encounterMatrix64Beads.jpg Graphic file (type jpg)

<use encounterMatrix64Beads.jpg>
Package pdftex.def Info: encounterMatrix64Beads.jpg used on input line 364.
(pdftex.def)             Requested size: 179.47188pt x 142.73434pt.

<encounterFrequencyBead1WithFit.jpg, id=441, 762.85pt x 614.295pt>
File: encounterFrequencyBead1WithFit.jpg Graphic file (type jpg)

<use encounterFrequencyBead1WithFit.jpg>
Package pdftex.def Info: encounterFrequencyBead1WithFit.jpg used on input line 
365.
(pdftex.def)             Requested size: 228.85677pt x 184.28992pt.

<encounterFrequencyBead1WithFitLogScale.jpg, id=442, 760.8425pt x 598.235pt>
File: encounterFrequencyBead1WithFitLogScale.jpg Graphic file (type jpg)

<use encounterFrequencyBead1WithFitLogScale.jpg>
Package pdftex.def Info: encounterFrequencyBead1WithFitLogScale.jpg used on inp
ut line 366.
(pdftex.def)             Requested size: 228.2545pt x 179.47188pt.

Overfull \hbox (20.93973pt too wide) in paragraph at lines 364--367
[][] []
 []


Overfull \hbox (27.70143pt too wide) has occurred while \output is active
\OT1/cmr/m/sl/12 3.3.  VERIFICATION OF THE VALIDITY OF SIMULATION FRAMEWORK \OT
1/cmr/m/n/12 23
 []

[23pdfTeX warning (ext4): destination with the same identifier (name{figure.3.3
}) has been already used, duplicate ignored

\AtBegShi@Output ...ipout \box \AtBeginShipoutBox 
                                                  \fi \fi 
l.370 
       <./rmsDistanceBead1ToBeads2To64AndTheoreticalResults.jpg>]
Underfull \vbox (badness 4316) has occurred while \output is active []

 [24pdfTeX warning (ext4): destination with the same identifier (name{figure.3.
4}) has been already used, duplicate ignored

\AtBegShi@Output ...ipout \box \AtBeginShipoutBox 
                                                  \fi \fi 
l.376 \end{equation}
                     <./encounterMatrix64Beads.jpg> <./encounterFrequencyBead1W
ithFit.jpg> <./encounterFrequencyBead1WithFitLogScale.jpg>]
<distanceMatrix64BeadsConnect24And44.jpg, id=453, 766.865pt x 579.16376pt>
File: distanceMatrix64BeadsConnect24And44.jpg Graphic file (type jpg)

<use distanceMatrix64BeadsConnect24And44.jpg>
Package pdftex.def Info: distanceMatrix64BeadsConnect24And44.jpg used on input 
line 384.
(pdftex.def)             Requested size: 230.06128pt x 173.75046pt.

<rmsMatrix64BeadsConnect24And44.jpg, id=454, 762.85pt x 580.1675pt>
File: rmsMatrix64BeadsConnect24And44.jpg Graphic file (type jpg)

<use rmsMatrix64BeadsConnect24And44.jpg>
Package pdftex.def Info: rmsMatrix64BeadsConnect24And44.jpg used on input line 
385.
(pdftex.def)             Requested size: 228.85677pt x 174.05157pt.

Overfull \hbox (71.52913pt too wide) in paragraph at lines 384--386
[][] []
 []


<crossectionAtRow24DistanceMatrix64BeadsConnect24And44.jpg, id=456, 752.8125pt 
x 555.07375pt>
File: crossectionAtRow24DistanceMatrix64BeadsConnect24And44.jpg Graphic file (t
ype jpg)
 <use crossectionAtRow24DistanceMatrix64BeadsConnect24And44.jpg>
Package pdftex.def Info: crossectionAtRow24DistanceMatrix64BeadsConnect24And44.
jpg used on input line 392.
(pdftex.def)             Requested size: 225.84549pt x 166.52339pt.

<crossectionAtRow44DistanceMatrix64BeadsConnect24And44.jpg, id=457, 680.5425pt 
x 515.9275pt>
File: crossectionAtRow44DistanceMatrix64BeadsConnect24And44.jpg Graphic file (t
ype jpg)
 <use crossectionAtRow44DistanceMatrix64BeadsConnect24And44.jpg>
Package pdftex.def Info: crossectionAtRow44DistanceMatrix64BeadsConnect24And44.
jpg used on input line 393.
(pdftex.def)             Requested size: 217.77805pt x 165.10017pt.

Overfull \hbox (56.23462pt too wide) in paragraph at lines 392--394
[][] []
 []


Underfull \vbox (badness 10000) has occurred while \output is active []

 [25pdfTeX warning (ext4): destination with the same identifier (name{figure.3.
5}) has been already used, duplicate ignored

\AtBegShi@Output ...ipout \box \AtBeginShipoutBox 
                                                  \fi \fi 
l.397 
       <./distanceMatrix64BeadsConnect24And44.jpg> <./rmsMatrix64BeadsConnect24
And44.jpg>]
<encounterFrequency64BeadsConnect24And44EncounterDist0_05.jpg, id=469, 607.2687
5pt x 454.69875pt>
File: encounterFrequency64BeadsConnect24And44EncounterDist0_05.jpg Graphic file
 (type jpg)

<use encounterFrequency64BeadsConnect24And44EncounterDist0_05.jpg>
Package pdftex.def Info: encounterFrequency64BeadsConnect24And44EncounterDist0_
05.jpg used on input line 402.
(pdftex.def)             Requested size: 121.4516pt x 90.93813pt.

<encounterFrequency64BeadsConnect24And44EncounterDist0_1.jpg, id=470, 653.44125
pt x 488.82625pt>
File: encounterFrequency64BeadsConnect24And44EncounterDist0_1.jpg Graphic file 
(type jpg)

<use encounterFrequency64BeadsConnect24And44EncounterDist0_1.jpg>
Package pdftex.def Info: encounterFrequency64BeadsConnect24And44EncounterDist0_
1.jpg used on input line 403.
(pdftex.def)             Requested size: 124.15512pt x 92.87794pt.

<encounterFrequency64BeadsConnect24And44EncounterDist0_2.jpg, id=471, 716.6775p
t x 564.1075pt>
File: encounterFrequency64BeadsConnect24And44EncounterDist0_2.jpg Graphic file 
(type jpg)

<use encounterFrequency64BeadsConnect24And44EncounterDist0_2.jpg>
Package pdftex.def Info: encounterFrequency64BeadsConnect24And44EncounterDist0_
2.jpg used on input line 404.
(pdftex.def)             Requested size: 121.83356pt x 95.897pt.

<encounterHistBead24connect24And44EncounterDist0_1.jpg, id=473, 872.25874pt x 5
96.2275pt>
File: encounterHistBead24connect24And44EncounterDist0_1.jpg Graphic file (type 
jpg)
 <use encounterHistBead24connect24And44EncounterDist0_1.jpg>
Package pdftex.def Info: encounterHistBead24connect24And44EncounterDist0_1.jpg 
used on input line 411.
(pdftex.def)             Requested size: 348.89731pt x 238.48677pt.
 [26pdfTeX warning (ext4): destination with the same identifier (name{figure.3.
6}) has been already used, duplicate ignored

\AtBegShi@Output ...ipout \box \AtBeginShipoutBox 
                                                  \fi \fi 
l.415 
      pdfTeX warning (ext4): destination with the same identifier (name{figure.
3.7}) has been already used, duplicate ignored

\AtBegShi@Output ...ipout \box \AtBeginShipoutBox 
                                                  \fi \fi 
l.415 
       <./crossectionAtRow24DistanceMatrix64BeadsConnect24And44.jpg> <./crossec
tionAtRow44DistanceMatrix64BeadsConnect24And44.jpg> <./encounterFrequency64Bead
sConnect24And44EncounterDist0_05.jpg> <./encounterFrequency64BeadsConnect24And4
4EncounterDist0_1.jpg> <./encounterFrequency64BeadsConnect24And44EncounterDist0
_2.jpg>] <encounterHistogram123Loops.jpg, id=485, 1144.275pt x 488.82625pt>
File: encounterHistogram123Loops.jpg Graphic file (type jpg)

<use encounterHistogram123Loops.jpg>
Package pdftex.def Info: encounterHistogram123Loops.jpg used on input line 425.

(pdftex.def)             Requested size: 457.70189pt x 195.52702pt.

<meanEncounterProbability123Loops.jpg, id=486, 1144.275pt x 739.76375pt>
File: meanEncounterProbability123Loops.jpg Graphic file (type jpg)

<use meanEncounterProbability123Loops.jpg>
Package pdftex.def Info: meanEncounterProbability123Loops.jpg used on input lin
e 426.
(pdftex.def)             Requested size: 228.85094pt x 147.95012pt.

Underfull \vbox (badness 1360) has occurred while \output is active []

 [27pdfTeX warning (ext4): destination with the same identifier (name{figure.3.
8}) has been already used, duplicate ignored

\AtBegShi@Output ...ipout \box \AtBeginShipoutBox 
                                                  \fi \fi 
l.430 
       <./encounterHistBead24connect24And44EncounterDist0_1.jpg>] [28pdfTeX war
ning (ext4): destination with the same identifier (name{figure.3.9}) has been a
lready used, duplicate ignored

\AtBegShi@Output ...ipout \box \AtBeginShipoutBox 
                                                  \fi \fi 
l.437 
       <./encounterHistogram123Loops.jpg> <./meanEncounterProbability123Loops.j
pg>]
<encounterHistogram1To10InternalLoops.jpg, id=500, 1358.07375pt x 739.76375pt>
File: encounterHistogram1To10InternalLoops.jpg Graphic file (type jpg)

<use encounterHistogram1To10InternalLoops.jpg>
Package pdftex.def Info: encounterHistogram1To10InternalLoops.jpg used on input
 line 441.
(pdftex.def)             Requested size: 407.42526pt x 221.93083pt.

<meanEncounterProbabilityInternalLoops.jpg, id=501, 1358.07375pt x 739.76375pt>
File: meanEncounterProbabilityInternalLoops.jpg Graphic file (type jpg)
<use meanEncounterProbabilityInternalLoops.jpg>
Package pdftex.def Info: meanEncounterProbabilityInternalLoops.jpg used on inpu
t line 442.
(pdftex.def)             Requested size: 203.70227pt x 110.95976pt.

<polymerModelWithLoopAndInternalConnectors.jpg, id=502, 795.72281pt x 477.28313
pt>
File: polymerModelWithLoopAndInternalConnectors.jpg Graphic file (type jpg)
 <use polymerModelWithLoopAndInternalConnectors.jpg>
Package pdftex.def Info: polymerModelWithLoopAndInternalConnectors.jpg used on 
input line 443.
(pdftex.def)             Requested size: 159.14174pt x 95.45493pt.

Overfull \hbox (17.42526pt too wide) in paragraph at lines 441--444
 [][] 
 []


Underfull \vbox (badness 10000) has occurred while \output is active []

 [29pdfTeX warning (ext4): destination with the same identifier (name{figure.3.
10}) has been already used, duplicate ignored

\AtBegShi@Output ...ipout \box \AtBeginShipoutBox 
                                                  \fi \fi 
l.452 \subsection
                 {One TAD} <./encounterHistogram1To10InternalLoops.jpg> <./mean
EncounterProbabilityInternalLoops.jpg> <./polymerModelWithLoopAndInternalConnec
tors.jpg>]
<encounterHistogram_1to8Loops.jpg, id=509, 1210.5225pt x 739.76375pt>
File: encounterHistogram_1to8Loops.jpg Graphic file (type jpg)

<use encounterHistogram_1to8Loops.jpg>
Package pdftex.def Info: encounterHistogram_1to8Loops.jpg used on input line 45
8.
(pdftex.def)             Requested size: 302.62988pt x 184.94048pt.

<meanEncounterProbabilityOneTAD1To8Loops.jpg, id=510, 1423.3175pt x 739.76375pt
>
File: meanEncounterProbabilityOneTAD1To8Loops.jpg Graphic file (type jpg)
 <use meanEncounterProbabilityOneTAD1To8Loops.jpg>
Package pdftex.def Info: meanEncounterProbabilityOneTAD1To8Loops.jpg used on in
put line 459.
(pdftex.def)             Requested size: 170.79073pt x 88.7678pt.

<fittedExpOneTAD1To8Loops.jpg, id=511, 1423.3175pt x 739.76375pt>
File: fittedExpOneTAD1To8Loops.jpg Graphic file (type jpg)

<use fittedExpOneTAD1To8Loops.jpg>
Package pdftex.def Info: fittedExpOneTAD1To8Loops.jpg used on input line 460.
(pdftex.def)             Requested size: 170.79073pt x 88.7678pt.
 [30pdfTeX warning (ext4): destination with the same identifier (name{figure.3.
11}) has been already used, duplicate ignored

\AtBegShi@Output ...ipout \box \AtBeginShipoutBox 
                                                  \fi \fi 
l.466 
       <./encounterHistogram_1to8Loops.jpg> <./meanEncounterProbabilityOneTAD1T
o8Loops.jpg> <./fittedExpOneTAD1To8Loops.jpg>]
<encounterHistogram1To10LoopsInEachTAD.jpg, id=518, 1120.185pt x 739.76375pt>
File: encounterHistogram1To10LoopsInEachTAD.jpg Graphic file (type jpg)

<use encounterHistogram1To10LoopsInEachTAD.jpg>
Package pdftex.def Info: encounterHistogram1To10LoopsInEachTAD.jpg used on inpu
t line 469.
(pdftex.def)             Requested size: 280.04556pt x 184.94048pt.

<meanEncounterProbabilityTwoTADs.jpg, id=519, 1284.8pt x 739.76375pt>
File: meanEncounterProbabilityTwoTADs.jpg Graphic file (type jpg)

<use meanEncounterProbabilityTwoTADs.jpg>
Package pdftex.def Info: meanEncounterProbabilityTwoTADs.jpg used on input line
 470.
(pdftex.def)             Requested size: 128.48752pt x 73.9807pt.

<fittedExpTwoTADs1To10Loops.jpg, id=520, 1317.92375pt x 739.76375pt>
File: fittedExpTwoTADs1To10Loops.jpg Graphic file (type jpg)

<use fittedExpTwoTADs1To10Loops.jpg>
Package pdftex.def Info: fittedExpTwoTADs1To10Loops.jpg used on input line 471.

(pdftex.def)             Requested size: 131.8001pt x 73.9807pt.

<stableLoopModelVariableLoopNumber32Beads.jpg, id=521, 704.6325pt x 572.1375pt>
File: stableLoopModelVariableLoopNumber32Beads.jpg Graphic file (type jpg)
<use stableLoopModelVariableLoopNumber32Beads.jpg>
Package pdftex.def Info: stableLoopModelVariableLoopNumber32Beads.jpg used on i
nput line 480.
(pdftex.def)             Requested size: 281.848pt x 228.85094pt.
 [31pdfTeX warning (ext4): destination with the same identifier (name{figure.3.
12}) has been already used, duplicate ignored

\AtBegShi@Output ...ipout \box \AtBeginShipoutBox 
                                                  \fi \fi 
l.483 \end{figure}
                   <./encounterHistogram1To10LoopsInEachTAD.jpg> <./meanEncount
erProbabilityTwoTADs.jpg> <./fittedExpTwoTADs1To10Loops.jpg>]
<logBeadDistanceVsEncounterProbabilityVariableLoops32Beads.jpg, id=528, 945.532
5pt x 658.46pt>
File: logBeadDistanceVsEncounterProbabilityVariableLoops32Beads.jpg Graphic fil
e (type jpg)

<use logBeadDistanceVsEncounterProbabilityVariableLoops32Beads.jpg>
Package pdftex.def Info: logBeadDistanceVsEncounterProbabilityVariableLoops32Be
ads.jpg used on input line 487.
(pdftex.def)             Requested size: 283.66194pt x 197.53952pt.

Underfull \vbox (badness 10000) has occurred while \output is active []

 [32pdfTeX warning (ext4): destination with the same identifier (name{figure.3.
13}) has been already used, duplicate ignored

\AtBegShi@Output ...ipout \box \AtBeginShipoutBox 
                                                  \fi \fi 
l.490 
       <./stableLoopModelVariableLoopNumber32Beads.jpg>]
<changeOfExponentAsAfunctionOfLoopsStableLoopModelVariableLoops32Beads.jpg, id=
534, 628.3475pt x 483.8075pt>
File: changeOfExponentAsAfunctionOfLoopsStableLoopModelVariableLoops32Beads.jpg
 Graphic file (type jpg)

<use changeOfExponentAsAfunctionOfLoopsStableLoopModelVariableLoops32Beads.jpg>
Package pdftex.def Info: changeOfExponentAsAfunctionOfLoopsStableLoopModelVaria
bleLoops32Beads.jpg used on input line 493.
(pdftex.def)             Requested size: 188.50569pt x 145.14337pt.
[33 <./logBeadDistanceVsEncounterProbabilityVariableLoops32Beads.jpg> <./change
OfExponentAsAfunctionOfLoopsStableLoopModelVariableLoops32Beads.jpg>]
<stableLoopModelVariableLoopNumber64Beads.jpg, id=541, 816.04875pt x 617.30624p
t>
File: stableLoopModelVariableLoopNumber64Beads.jpg Graphic file (type jpg)
 <use stableLoopModelVariableLoopNumber64Beads.jpg>
Package pdftex.def Info: stableLoopModelVariableLoopNumber64Beads.jpg used on i
nput line 501.
(pdftex.def)             Requested size: 244.81651pt x 185.1933pt.

<logBeadDistanceVsEncounterProbabilityVariableLoops64Beads.jpg, id=544, 1666.22
5pt x 872.25874pt>
File: logBeadDistanceVsEncounterProbabilityVariableLoops64Beads.jpg Graphic fil
e (type jpg)

<use logBeadDistanceVsEncounterProbabilityVariableLoops64Beads.jpg>
Package pdftex.def Info: logBeadDistanceVsEncounterProbabilityVariableLoops64Be
ads.jpg used on input line 510.
(pdftex.def)             Requested size: 333.23909pt x 174.44865pt.

Underfull \vbox (badness 10000) has occurred while \output is active []

 [34pdfTeX warning (ext4): destination with the same identifier (name{figure.3.
14}) has been already used, duplicate ignored

\AtBegShi@Output ...ipout \box \AtBeginShipoutBox 
                                                  \fi \fi 
l.514 
       <./stableLoopModelVariableLoopNumber64Beads.jpg>]
<changeOfExponentAsAfunctionOfLoopsStableLoopModelVariableLoops64Beads.jpg, id=
552, 1360.08125pt x 872.25874pt>
File: changeOfExponentAsAfunctionOfLoopsStableLoopModelVariableLoops64Beads.jpg
 Graphic file (type jpg)

<use changeOfExponentAsAfunctionOfLoopsStableLoopModelVariableLoops64Beads.jpg>
Package pdftex.def Info: changeOfExponentAsAfunctionOfLoopsStableLoopModelVaria
bleLoops64Beads.jpg used on input line 516.
(pdftex.def)             Requested size: 204.00339pt x 130.83316pt.
[35pdfTeX warning (ext4): destination with the same identifier (name{figure.3.1
5}) has been already used, duplicate ignored

\AtBegShi@Output ...ipout \box \AtBeginShipoutBox 
                                                  \fi \fi 
l.525 
      pdfTeX warning (ext4): destination with the same identifier (name{figure.
3.16}) has been already used, duplicate ignored

\AtBegShi@Output ...ipout \box \AtBeginShipoutBox 
                                                  \fi \fi 
l.525 
       <./logBeadDistanceVsEncounterProbabilityVariableLoops64Beads.jpg> <./cha
ngeOfExponentAsAfunctionOfLoopsStableLoopModelVariableLoops64Beads.jpg>]
<encounterFrequency128beadsWithTadTransientModel.jpg, id=557, 808.01875pt x 601
.24625pt>
File: encounterFrequency128beadsWithTadTransientModel.jpg Graphic file (type jp
g)
 <use encounterFrequency128beadsWithTadTransientModel.jpg>
Package pdftex.def Info: encounterFrequency128beadsWithTadTransientModel.jpg us
ed on input line 534.
(pdftex.def)             Requested size: 161.60088pt x 120.24712pt.

<encounterCrossectionBead12TransientLoopModelwithTheoreticalCurve.jpg, id=558, 
1038.88126pt x 630.355pt>
File: encounterCrossectionBead12TransientLoopModelwithTheoreticalCurve.jpg Grap
hic file (type jpg)

<use encounterCrossectionBead12TransientLoopModelwithTheoreticalCurve.jpg>
Package pdftex.def Info: encounterCrossectionBead12TransientLoopModelwithTheore
ticalCurve.jpg used on input line 535.
(pdftex.def)             Requested size: 207.77257pt x 126.06876pt.

Overfull \hbox (5.7454pt too wide) in paragraph at lines 541--541
[]\OT1/cmr/bx/n/17.28 TAD D and E with cross-links cor-re-spond-
 []


Underfull \vbox (badness 10000) has occurred while \output is active []

 [36pdfTeX warning (ext4): destination with the same identifier (name{figure.3.
17}) has been already used, duplicate ignored

\AtBegShi@Output ...ipout \box \AtBeginShipoutBox 
                                                  \fi \fi 
l.543 
       <./encounterFrequency128beadsWithTadTransientModel.jpg> <./encounterCros
sectionBead12TransientLoopModelwithTheoreticalCurve.jpg>]

LaTeX Warning: Reference `nonNeighborBeadEncounterTable' on page 37 undefined o
n input line 544.


LaTeX Warning: Reference `TADsOfTheXChromosome' on page 37 undefined on input l
ine 544.


<meanEncounterMatrixOfSimulatingTADEandDWithLoops.jpg, id=565, 1687.30376pt x 8
94.34125pt>
File: meanEncounterMatrixOfSimulatingTADEandDWithLoops.jpg Graphic file (type j
pg)
 <use meanEncounterMatrixOfSimulatingTADEandDWithLoops.jpg>
Package pdftex.def Info: meanEncounterMatrixOfSimulatingTADEandDWithLoops.jpg u
sed on input line 547.
(pdftex.def)             Requested size: 337.45477pt x 178.86508pt.

Underfull \vbox (badness 10000) has occurred while \output is active []


Overfull \hbox (224.55846pt too wide) has occurred while \output is active
\OT1/cmr/m/sl/12 3.9.  TAD D AND E WITH CROSS-LINKS CORRESPONDING TO THE PEAKS 
OF THE EXPERIMENTAL DATA \OT1/cmr/m/n/12 37
 []

[37pdfTeX warning (ext4): destination with the same identifier (name{figure.3.1
8}) has been already used, duplicate ignored

\AtBegShi@Output ...ipout \box \AtBeginShipoutBox 
                                                  \fi \fi 
l.557 
       <./meanEncounterMatrixOfSimulatingTADEandDWithLoops.jpg>] [38]
<possibleArrangementOfThreeBeadsAndAloop.jpg, id=582, 371.13657pt x 560.8453pt>
File: possibleArrangementOfThreeBeadsAndAloop.jpg Graphic file (type jpg)
<use possibleArrangementOfThreeBeadsAndAloop.jpg>
Package pdftex.def Info: possibleArrangementOfThreeBeadsAndAloop.jpg used on in
put line 606.
(pdftex.def)             Requested size: 185.56783pt x 280.42197pt.

Underfull \vbox (badness 7777) has occurred while \output is active []

 [39pdfTeX warning (ext4): destination with the same identifier (name{table.3.1
}) has been already used, duplicate ignored

\AtBegShi@Output ...ipout \box \AtBeginShipoutBox 
                                                  \fi \fi 
l.609 
      ]
Underfull \vbox (badness 10000) has occurred while \output is active []

 [40pdfTeX warning (ext4): destination with the same identifier (name{figure.3.
19}) has been already used, duplicate ignored

\AtBegShi@Output ...ipout \box \AtBeginShipoutBox 
                                                  \fi \fi 
l.634 
       <./possibleArrangementOfThreeBeadsAndAloop.jpg>] [41pdfTeX warning (ext4
): destination with the same identifier (name{table.3.2}) has been already used
, duplicate ignored

\AtBegShi@Output ...ipout \box \AtBeginShipoutBox 
                                                  \fi \fi 
l.635 \chapter
              {Review of Literature}\label{chapter_reviewOfLiterature}]
[42

]
Chapter 4.

Package hyperref Warning: Token not allowed in a PDF string (PDFDocEncoding):
(hyperref)                removing `\@ifnextchar' on input line 638.

LaTeX Font Info:    Try loading font information for OMS+cmr on input line 641.

(/usr/share/texlive/texmf-dist/tex/latex/base/omscmr.fd
File: omscmr.fd 1999/05/25 v2.5h Standard LaTeX font definitions
)
LaTeX Font Info:    Font shape `OMS/cmr/m/n' in size <12> not available
(Font)              Font shape `OMS/cmsy/m/n' tried instead on input line 641.
 [43]

Package hyperref Warning: Token not allowed in a PDF string (PDFDocEncoding):
(hyperref)                removing `\@ifnextchar' on input line 665.


Underfull \vbox (badness 10000) has occurred while \output is active []

 [44]

LaTeX Warning: Citation `DEKKER2013EXPLORING' on page 45 undefined on input lin
e 689.

[45]
Underfull \vbox (badness 10000) has occurred while \output is active []

 [46]

Package hyperref Warning: Token not allowed in a PDF string (PDFDocEncoding):
(hyperref)                removing `\@ifnextchar' on input line 708.


LaTeX Warning: Citation `GIBCUS2013HIERARCHY' on page 47 undefined on input lin
e 726.

[47] (./Polymer Chain Dynamics_summary of Findings .bbl [48] [49

] [50])
Package atveryend Info: Empty hook `BeforeClearDocument' on input line 753.

[51]
Package atveryend Info: Empty hook `AfterLastShipout' on input line 753.
 (./Polymer Chain Dynamics_summary of Findings .aux)
Package atveryend Info: Executing hook `AtVeryEndDocument' on input line 753.
Package atveryend Info: Executing hook `AtEndAfterFileList' on input line 753.


Package rerunfilecheck Warning: File `"Polymer Chain Dynamics_summary of Findin
gs ".out' has changed.
(rerunfilecheck)                Rerun to get outlines right
(rerunfilecheck)                or use package `bookmark'.

Package rerunfilecheck Info: Checksums for `"Polymer Chain Dynamics_summary of 
Findings ".out':
(rerunfilecheck)             Before: 38D28A387766CAC933863A0E6061DB86;3094
(rerunfilecheck)             After:  3103BAEEDE00553FFBBC7E85F64E4EDE;3171.

LaTeX Warning: There were undefined references.

Package atveryend Info: Empty hook `AtVeryVeryEnd' on input line 753.
 ) 
Here is how much of TeX's memory you used:
 6699 strings out of 495028
 104290 string characters out of 6181498
 180449 words of memory out of 5000000
 9539 multiletter control sequences out of 15000+600000
 15600 words of font info for 60 fonts, out of 8000000 for 9000
 14 hyphenation exceptions out of 8191
 29i,10n,32p,1165b,429s stack positions out of 5000i,500n,10000p,200000b,80000s
</usr/share/texlive/texmf-dist/fonts/type1/public/amsfonts/cm/cmbx12.pfb></us
r/share/texlive/texmf-dist/fonts/type1/public/amsfonts/cm/cmex10.pfb></usr/shar
e/texlive/texmf-dist/fonts/type1/public/amsfonts/cm/cmmi12.pfb></usr/share/texl
ive/texmf-dist/fonts/type1/public/amsfonts/cm/cmmi6.pfb></usr/share/texlive/tex
mf-dist/fonts/type1/public/amsfonts/cm/cmmi8.pfb></usr/share/texlive/texmf-dist
/fonts/type1/public/amsfonts/cm/cmr12.pfb></usr/share/texlive/texmf-dist/fonts/
type1/public/amsfonts/cm/cmr17.pfb></usr/share/texlive/texmf-dist/fonts/type1/p
ublic/amsfonts/cm/cmr6.pfb></usr/share/texlive/texmf-dist/fonts/type1/public/am
sfonts/cm/cmr8.pfb></usr/share/texlive/texmf-dist/fonts/type1/public/amsfonts/c
m/cmsl12.pfb></usr/share/texlive/texmf-dist/fonts/type1/public/amsfonts/cm/cmsy
10.pfb></usr/share/texlive/texmf-dist/fonts/type1/public/amsfonts/cm/cmsy6.pfb>
</usr/share/texlive/texmf-dist/fonts/type1/public/amsfonts/cm/cmsy8.pfb></usr/s
hare/texlive/texmf-dist/fonts/type1/public/amsfonts/cm/cmti12.pfb>
Output written on "Polymer Chain Dynamics_summary of Findings .pdf" (51 pages, 
3728551 bytes).
PDF statistics:
 869 PDF objects out of 1000 (max. 8388607)
 737 compressed objects within 8 object streams
 253 named destinations out of 1000 (max. 500000)
 586 words of extra memory for PDF output out of 10000 (max. 10000000)

