#
# A fatal error has been detected by the Java Runtime Environment:
#
#  EXCEPTION_ACCESS_VIOLATION (0xc0000005) at pc=0x0000000064b2186a, pid=4740, tid=2912
#
# JRE version: 6.0_17-b04
# Java VM: Java HotSpot(TM) 64-Bit Server VM (14.3-b01 mixed mode windows-amd64 )
# Problematic frame:
# C  0x0000000064b2186a
#
# If you would like to submit a bug report, please visit:
#   http://java.sun.com/webapps/bugreport/crash.jsp
# The crash happened outside the Java Virtual Machine in native code.
# See problematic frame for where to report the bug.
#

---------------  T H R E A D  ---------------

Current thread (0x000000006b3c7000):  JavaThread "Main message loop" daemon [_thread_in_native, id=2912, stack(0x0000000208010000,0x000000020c010000)]

siginfo: ExceptionCode=0xc0000005, reading address 0x0000000000000000

Registers:
EAX=0x000000006548a078, EBX=0x000000006b45c530, ECX=0x0000000000000000, EDX=0x0000000065458910
ESP=0x000000020bffe6c0, EBP=0x0000000080040104, ESI=0x000000020c0064c8, EDI=0x0000000065458948
EIP=0x0000000064b2186a, EFLAGS=0x0000000000010297

Top of Stack: (sp=0x000000020bffe6c0)
0x000000020bffe6c0:   000000006b45c530 0000000080040104
0x000000020bffe6d0:   000000006b45c530 0000000065458948
0x000000020bffe6e0:   0000000000000030 000000000000000e
0x000000020bffe6f0:   000000020bffe4f0 000000020bffe778
0x000000020bffe700:   000000020bffe7e0 00000000238cd96c
0x000000020bffe710:   000000006b3c7000 0000000078a6e85c
0x000000020bffe720:   00000000654218a0 0000000038862198
0x000000020bffe730:   00000000654218a0 0000000000000008
0x000000020bffe740:   0000000038862198 0000000023a3242c
0x000000020bffe750:   000000006b3c71b8 0000000064b236c2
0x000000020bffe760:   00000000638c2a28 00000000654218a0
0x000000020bffe770:   0000000000000008 000000020bffe778
0x000000020bffe780:   0000000000003000 0000000023c73962
0x000000020bffe790:   000000020bffe7f8 00000000234d59f3
0x000000020bffe7a0:   00000000388620e8 00000000234d59f3
0x000000020bffe7b0:   0000000038862108 000000020bffe7b8 

Instructions: (pc=0x0000000064b2186a)
0x0000000064b2185a:   83 c0 08 83 38 02 7f 0d 48 8b 8c 24 90 7d 00 00
0x0000000064b2186a:   48 8b 01 eb 66 83 38 03 75 0e 48 8b 8c 24 90 7d 


Stack: [0x0000000208010000,0x000000020c010000],  sp=0x000000020bffe6c0,  free space=65465k
Native frames: (J=compiled Java code, j=interpreted, Vv=VM code, C=native code)
C  0x0000000064b2186a

Java frames: (J=compiled Java code, j=interpreted, Vv=VM code)
J  com.jniwrapper.Function.invokeCFunc(JJB[BII[II)I
J  com.jniwrapper.FunctionCall.a(ZJJJIBLcom/jniwrapper/Parameter;[Lcom/jniwrapper/Parameter;)J
J  com.jniwrapper.FunctionCall.call(JJBLcom/jniwrapper/Parameter;[Lcom/jniwrapper/Parameter;)J
J  com.jniwrapper.win32.MessageLoopThread$LoopThread.run()V
v  ~StubRoutines::call_stub

---------------  P R O C E S S  ---------------

Java Threads: ( => current thread )
  0x000000006b3c6800 JavaThread "Browser Events Thread" daemon [_thread_blocked, id=6424, stack(0x000000022c010000,0x0000000230010000)]
=>0x000000006b3c7000 JavaThread "Main message loop" daemon [_thread_in_native, id=2912, stack(0x0000000208010000,0x000000020c010000)]
  0x000000006b3c4000 JavaThread "Code Analyzer updating thread" [_thread_blocked, id=5160, stack(0x000000021c010000,0x0000000220010000)]
  0x0000000071091000 JavaThread "Code Analyzer updating thread" [_thread_blocked, id=4944, stack(0x0000000200010000,0x0000000204010000)]
  0x000000007108f800 JavaThread "Code Analyzer updating thread" [_thread_blocked, id=5736, stack(0x00000001f8010000,0x00000001fc010000)]
  0x0000000071092000 JavaThread "Browser Events Thread" daemon [_thread_blocked, id=5184, stack(0x000000020c010000,0x0000000210010000)]
  0x0000000071090800 JavaThread "Main message loop" daemon [_thread_in_native, id=2900, stack(0x00000001ec010000,0x00000001f0010000)]
  0x000000007108c800 JavaThread "Browser Events Thread" daemon [_thread_blocked, id=3740, stack(0x00000001fc010000,0x0000000200010000)]
  0x0000000071092800 JavaThread "Main message loop" daemon [_thread_in_native, id=5908, stack(0x00000001cc010000,0x00000001d0010000)]
  0x0000000071094000 JavaThread "Swing-Shell" daemon [_thread_blocked, id=5652, stack(0x00000001e0010000,0x00000001e4010000)]
  0x000000006ad24800 JavaThread "Code Analyzer updating thread" [_thread_blocked, id=6456, stack(0x00000001c2900000,0x00000001c6900000)]
  0x00000000642d5800 JavaThread "Code Analyzer updating thread" [_thread_blocked, id=6416, stack(0x00000001ac010000,0x00000001b0010000)]
  0x00000000642da800 JavaThread "Code Analyzer updating thread" [_thread_blocked, id=6568, stack(0x0000000134000000,0x0000000138000000)]
  0x000000006ad25000 JavaThread "Code Analyzer updating thread" [_thread_blocked, id=6892, stack(0x00000001a8010000,0x00000001ac010000)]
  0x00000000642dd800 JavaThread "Foxtrot Multi Worker Thread Runner #2" daemon [_thread_blocked, id=4240, stack(0x00000001a4010000,0x00000001a8010000)]
  0x000000006ad21000 JavaThread "pool-2-thread-1" [_thread_blocked, id=4708, stack(0x0000000104000000,0x0000000108000000)]
  0x00000000642de000 JavaThread "Code Analyzer updating thread" [_thread_blocked, id=5632, stack(0x000000017a040000,0x000000017e040000)]
  0x00000000642dc000 JavaThread "Code Analyzer updating thread" [_thread_blocked, id=5892, stack(0x0000000138000000,0x000000013c000000)]
  0x000000006ad20000 JavaThread "Code Analyzer updating thread" [_thread_blocked, id=4316, stack(0x000000011e020000,0x0000000122020000)]
  0x000000006ad2c800 JavaThread "Code Analyzer updating thread" [_thread_blocked, id=5688, stack(0x0000000116020000,0x000000011a020000)]
  0x000000006ad1e000 JavaThread "Code Analyzer updating thread" [_thread_blocked, id=4052, stack(0x00000000fc000000,0x0000000100000000)]
  0x000000006ad26000 JavaThread "Code Analyzer updating thread" [_thread_blocked, id=1504, stack(0x0000000108000000,0x000000010c000000)]
  0x000000006ad1e800 JavaThread "Timer queue for AWT thread" daemon [_thread_blocked, id=4484, stack(0x0000000112020000,0x0000000116020000)]
  0x000000006ad27800 JavaThread "pool-1-thread-1" [_thread_blocked, id=5772, stack(0x00000000f8000000,0x00000000fc000000)]
  0x000000006ad2b800 JavaThread "Code Analyzer updating thread" [_thread_blocked, id=5604, stack(0x000000010e020000,0x0000000112020000)]
  0x000000006ad23800 JavaThread "Code Analyzer updating thread" [_thread_blocked, id=5576, stack(0x0000000100000000,0x0000000104000000)]
  0x000000006ad29800 JavaThread "Prefs Updater" daemon [_thread_blocked, id=4816, stack(0x000000019c010000,0x00000001a0010000)]
  0x00000000642d3800 JavaThread "Foxtrot Single Worker Thread #1" daemon [_thread_blocked, id=2872, stack(0x00000001a0010000,0x00000001a4010000)]
  0x00000000642d7000 JavaThread "pool-6-thread-1" [_thread_blocked, id=3864, stack(0x00000000dc000000,0x00000000e0000000)]
  0x000000006ad2a000 JavaThread "Browser Events Thread" daemon [_thread_blocked, id=5488, stack(0x0000000164030000,0x0000000168030000)]
  0x000000006ad2d000 JavaThread "Main message loop" daemon [_thread_in_native, id=6020, stack(0x00000000c0000000,0x00000000c4000000)]
  0x000000006ad28800 JavaThread "Timer-2" daemon [_thread_blocked, id=5960, stack(0x000000014c030000,0x0000000150030000)]
  0x000000006ad26800 JavaThread "com.jniwrapper.NativeResourceCollector" daemon [_thread_blocked, id=5952, stack(0x00000000e4000000,0x00000000e8000000)]
  0x000000006ad23000 JavaThread "Code Analyzer updating thread" [_thread_blocked, id=5712, stack(0x000000012c000000,0x0000000130000000)]
  0x000000006ad22000 JavaThread "Code Analyzer updating thread" [_thread_blocked, id=5704, stack(0x0000000128000000,0x000000012c000000)]
  0x000000006ad21800 JavaThread "Code Analyzer updating thread" [_thread_blocked, id=5696, stack(0x0000000124000000,0x0000000128000000)]
  0x00000000642da000 JavaThread "Code Analyzer updating thread" [_thread_blocked, id=5580, stack(0x00000000f4000000,0x00000000f8000000)]
  0x00000000642d9000 JavaThread "Active Reference Queue Daemon" daemon [_thread_blocked, id=5572, stack(0x00000000f0000000,0x00000000f4000000)]
  0x00000000642d8800 JavaThread "Timer-1" daemon [_thread_blocked, id=5568, stack(0x00000000ec000000,0x00000000f0000000)]
  0x00000000642d7800 JavaThread "ClipboardMonitor Timer" daemon [_thread_blocked, id=5564, stack(0x00000000e8000000,0x00000000ec000000)]
  0x00000000642d6000 JavaThread "Explorer NavigationContext request queue" daemon [_thread_blocked, id=5532, stack(0x00000000e0000000,0x00000000e4000000)]
  0x00000000642d4800 JavaThread "AddressBar directory emptiness poller" daemon [_thread_blocked, id=5520, stack(0x00000000d8000000,0x00000000dc000000)]
  0x00000000642d4000 JavaThread "Explorer Refresh Service 316652221" daemon [_thread_blocked, id=5516, stack(0x00000000d4000000,0x00000000d8000000)]
  0x00000000642d2800 JavaThread "Thread-4" daemon [_thread_blocked, id=5324, stack(0x00000000c8000000,0x00000000cc000000)]
  0x00000000642d2000 JavaThread "TimerQueue" daemon [_thread_blocked, id=5308, stack(0x00000000bc000000,0x00000000c0000000)]
  0x00000000642d1000 JavaThread "Thread-3" daemon [_thread_blocked, id=5304, stack(0x00000000ac000000,0x00000000b0000000)]
  0x00000000642d0800 JavaThread "AWT-EventQueue-0" [_thread_blocked, id=5300, stack(0x00000000a8000000,0x00000000ac000000)]
  0x00000000642cf800 JavaThread "AWT-Shutdown" [_thread_blocked, id=5296, stack(0x0000000098000000,0x000000009c000000)]
  0x00000000642cf000 JavaThread "FelixPackageAdmin" daemon [_thread_blocked, id=5276, stack(0x00000000b8000000,0x00000000bc000000)]
  0x000000006441d800 JavaThread "FelixStartLevel" daemon [_thread_blocked, id=5272, stack(0x00000000b4000000,0x00000000b8000000)]
  0x000000006441d000 JavaThread "FelixDispatchQueue" daemon [_thread_blocked, id=5268, stack(0x00000000b0000000,0x00000000b4000000)]
  0x0000000063eb9800 JavaThread "com.google.common.base.internal.Finalizer" daemon [_thread_blocked, id=5252, stack(0x00000000a4000000,0x00000000a8000000)]
  0x0000000063e9b800 JavaThread "AWT-Windows" daemon [_thread_in_native, id=5244, stack(0x000000009c000000,0x00000000a0000000)]
  0x0000000063e50000 JavaThread "Java2D Disposer" daemon [_thread_blocked, id=5236, stack(0x0000000094000000,0x0000000098000000)]
  0x0000000063937800 JavaThread "Timer-0" [_thread_blocked, id=5188, stack(0x0000000090000000,0x0000000094000000)]
  0x000000006390a800 JavaThread "EventMgr Dispatcher" daemon [_thread_in_native, id=5144, stack(0x000000008c000000,0x0000000090000000)]
  0x00000000221bb800 JavaThread "Low Memory Detector" daemon [_thread_blocked, id=5136, stack(0x0000000084000000,0x0000000088000000)]
  0x00000000221b5000 JavaThread "CompilerThread1" daemon [_thread_blocked, id=5132, stack(0x0000000080000000,0x0000000084000000)]
  0x00000000221af800 JavaThread "CompilerThread0" daemon [_thread_blocked, id=5128, stack(0x0000000066710000,0x000000006a710000)]
  0x00000000221aa800 JavaThread "Attach Listener" daemon [_thread_blocked, id=5124, stack(0x000000005e8d0000,0x00000000628d0000)]
  0x0000000022150000 JavaThread "Finalizer" daemon [_thread_blocked, id=4648, stack(0x000000005a8d0000,0x000000005e8d0000)]
  0x000000002214a000 JavaThread "Reference Handler" daemon [_thread_blocked, id=3552, stack(0x00000000568d0000,0x000000005a8d0000)]
  0x0000000006676000 JavaThread "main" [_thread_in_native, id=4744, stack(0x0000000000030000,0x0000000004030000)]

Other Threads:
  0x0000000022143000 VMThread [stack: 0x00000000528d0000,0x00000000568d0000] [id=2796]
  0x00000000221dc000 WatcherThread [stack: 0x0000000088000000,0x000000008c000000] [id=5140]

VM state:not at safepoint (normal execution)

VM Mutex/Monitor currently owned by a thread: None

Heap
 PSYoungGen      total 26368K, used 18204K [0x00000000377d0000, 0x00000000393a0000, 0x000000003a8d0000)
  eden space 24448K, 74% used [0x00000000377d0000,0x0000000038997238,0x0000000038fb0000)
  from space 1920K, 0% used [0x00000000391a0000,0x00000000391a0000,0x0000000039380000)
  to   space 1984K, 0% used [0x0000000038fb0000,0x0000000038fb0000,0x00000000391a0000)
 PSOldGen        total 150528K, used 150528K [0x000000002e4d0000, 0x00000000377d0000, 0x00000000377d0000)
  object space 150528K, 100% used [0x000000002e4d0000,0x00000000377d0000,0x00000000377d0000)
 PSPermGen       total 90368K, used 89711K [0x00000000264d0000, 0x000000002bd10000, 0x000000002e4d0000)
  object space 90368K, 99% used [0x00000000264d0000,0x000000002bc6bd80,0x000000002bd10000)

Dynamic libraries:
0x0000000140000000 - 0x0000000140028000 	D:\Program Files\MATLAB\R2013a\bin\win64\MATLAB.exe
0x0000000076dc0000 - 0x0000000076f69000 	C:\Windows\SYSTEM32\ntdll.dll
0x0000000076ba0000 - 0x0000000076cbf000 	C:\Windows\system32\kernel32.dll
0x000007fefcdf0000 - 0x000007fefce5c000 	C:\Windows\system32\KERNELBASE.dll
0x0000000074460000 - 0x0000000074515000 	D:\Program Files\MATLAB\R2013a\bin\win64\libut.dll
0x00000000758a0000 - 0x000000007595f000 	D:\Program Files\MATLAB\R2013a\bin\win64\libmwi18n.dll
0x0000000180000000 - 0x000000018000d000 	D:\Program Files\MATLAB\R2013a\bin\win64\libmwresource_core.dll
0x00000000707e0000 - 0x0000000070878000 	D:\Program Files\MATLAB\R2013a\bin\win64\MSVCP100.dll
0x0000000070700000 - 0x00000000707d2000 	D:\Program Files\MATLAB\R2013a\bin\win64\MSVCR100.dll
0x0000000070910000 - 0x000000007091e000 	D:\Program Files\MATLAB\R2013a\bin\win64\boost_date_time-vc100-mt-1_49.dll
0x00000000708e0000 - 0x000000007090c000 	D:\Program Files\MATLAB\R2013a\bin\win64\boost_filesystem-vc100-mt-1_49.dll
0x00000000708d0000 - 0x00000000708d9000 	D:\Program Files\MATLAB\R2013a\bin\win64\boost_system-vc100-mt-1_49.dll
0x000007fefe890000 - 0x000007fefe96b000 	C:\Windows\system32\ADVAPI32.dll
0x000007fefe980000 - 0x000007fefea1f000 	C:\Windows\system32\msvcrt.dll
0x000007fefe3e0000 - 0x000007fefe3ff000 	C:\Windows\SYSTEM32\sechost.dll
0x000007fefeb80000 - 0x000007fefecad000 	C:\Windows\system32\RPCRT4.dll
0x00000000708a0000 - 0x00000000708c5000 	D:\Program Files\MATLAB\R2013a\bin\win64\LIBEXPAT.dll
0x0000000070570000 - 0x00000000706fa000 	D:\Program Files\MATLAB\R2013a\bin\win64\icuin49.dll
0x000000006c820000 - 0x000000006c95e000 	D:\Program Files\MATLAB\R2013a\bin\win64\icuuc49.dll
0x000000006b6f0000 - 0x000000006c812000 	D:\Program Files\MATLAB\R2013a\bin\win64\icudt49.dll
0x0000000070890000 - 0x00000000708a0000 	D:\Program Files\MATLAB\R2013a\bin\win64\icuio49.dll
0x0000000073f70000 - 0x0000000074112000 	D:\Program Files\MATLAB\R2013a\bin\win64\libmwfl.dll
0x000000007a350000 - 0x000000007a737000 	D:\Program Files\MATLAB\R2013a\bin\win64\libmwMATLAB_res.dll
0x000000006c9c0000 - 0x000000006ca9f000 	D:\Program Files\MATLAB\R2013a\bin\win64\boost_regex-vc100-mt-1_49.dll
0x0000000076cc0000 - 0x0000000076dba000 	C:\Windows\system32\USER32.dll
0x000007fefef10000 - 0x000007fefef77000 	C:\Windows\system32\GDI32.dll
0x000007fefe970000 - 0x000007fefe97e000 	C:\Windows\system32\LPK.dll
0x000007feff000000 - 0x000007feff0c9000 	C:\Windows\system32\USP10.dll
0x0000000070550000 - 0x0000000070561000 	D:\Program Files\MATLAB\R2013a\bin\win64\boost_signals-vc100-mt-1_49.dll
0x00000000704f0000 - 0x0000000070501000 	D:\Program Files\MATLAB\R2013a\bin\win64\boost_thread-vc100-mt-1_49.dll
0x000007fee6380000 - 0x000007fee640c000 	D:\Program Files\MATLAB\R2013a\bin\win64\boost_log-vc100-mt-1_49.dll
0x0000000076f80000 - 0x0000000076f87000 	C:\Windows\system32\PSAPI.DLL
0x000007fefe310000 - 0x000007fefe35d000 	C:\Windows\system32\WS2_32.dll
0x000007fefe4e0000 - 0x000007fefe4e8000 	C:\Windows\system32\NSI.dll
0x000007fee6460000 - 0x000007fee6493000 	D:\Program Files\MATLAB\R2013a\bin\win64\tbb.dll
0x000007fefcfd0000 - 0x000007fefcfe9000 	C:\Windows\system32\imagehlp.dll
0x000007fefa830000 - 0x000007fefa85c000 	C:\Windows\system32\POWRPROF.dll
0x000007fefdf20000 - 0x000007fefe0f7000 	C:\Windows\system32\SETUPAPI.dll
0x000007fefcc30000 - 0x000007fefcc66000 	C:\Windows\system32\CFGMGR32.dll
0x000007fefe400000 - 0x000007fefe4d7000 	C:\Windows\system32\OLEAUT32.dll
0x000007fefe100000 - 0x000007fefe303000 	C:\Windows\system32\ole32.dll
0x000007fefce60000 - 0x000007fefce7a000 	C:\Windows\system32\DEVOBJ.dll
0x0000000004210000 - 0x0000000004231000 	D:\Program Files\MATLAB\R2013a\bin\win64\libmwmfl_scalar.dll
0x000007fef9440000 - 0x000007fef9565000 	C:\Windows\system32\dbghelp.dll
0x0000000004240000 - 0x000000000456f000 	D:\Program Files\MATLAB\R2013a\bin\win64\libmwservices.dll
0x0000000075a20000 - 0x0000000075b0b000 	D:\Program Files\MATLAB\R2013a\bin\win64\libmx.dll
0x000007fee6430000 - 0x000007fee6458000 	D:\Program Files\MATLAB\R2013a\bin\win64\tbbmalloc.dll
0x00000000666f0000 - 0x0000000066707000 	D:\Program Files\MATLAB\R2013a\bin\win64\zlib1.dll
0x0000000004570000 - 0x00000000045be000 	D:\Program Files\MATLAB\R2013a\bin\win64\libmwregexp.dll
0x0000000075f10000 - 0x0000000075f57000 	D:\Program Files\MATLAB\R2013a\bin\win64\mpath.dll
0x000000007b680000 - 0x000000007bc66000 	D:\Program Files\MATLAB\R2013a\bin\win64\mlutil.dll
0x00000000754d0000 - 0x0000000075547000 	D:\Program Files\MATLAB\R2013a\bin\win64\xmlcore.dll
0x0000000065c60000 - 0x0000000065ea1000 	D:\Program Files\MATLAB\R2013a\bin\win64\xerces-c_2_7.dll
0x00000000045d0000 - 0x00000000045f2000 	D:\Program Files\MATLAB\R2013a\bin\win64\libmwMATLAB_settings_res.dll
0x000007fefad50000 - 0x000007fefad60000 	D:\Program Files\MATLAB\R2013a\bin\win64\boost_iostreams-vc100-mt-1_49.dll
0x000007fee6330000 - 0x000007fee6376000 	D:\Program Files\MATLAB\R2013a\bin\win64\boost_serialization-vc100-mt-1_49.dll
0x000007fefcff0000 - 0x000007fefdd78000 	C:\Windows\system32\SHELL32.dll
0x000007fefe360000 - 0x000007fefe3d1000 	C:\Windows\system32\SHLWAPI.dll
0x0000000004600000 - 0x0000000004606000 	D:\Program Files\MATLAB\R2013a\bin\win64\libmwnativedisplay.dll
0x000007fef6420000 - 0x000007fef64c0000 	C:\Windows\WinSxS\amd64_microsoft.windows.common-controls_6595b64144ccf1df_5.82.7601.18201_none_a4d3b9377117c3df\COMCTL32.dll
0x000007fefde80000 - 0x000007fefdf17000 	C:\Windows\system32\COMDLG32.dll
0x000007fefac50000 - 0x000007fefac66000 	C:\Windows\system32\NETAPI32.dll
0x000007fefac40000 - 0x000007fefac4c000 	C:\Windows\system32\netutils.dll
0x000007fefc8e0000 - 0x000007fefc903000 	C:\Windows\system32\srvcli.dll
0x000007fefac20000 - 0x000007fefac35000 	C:\Windows\system32\wkscli.dll
0x0000000074970000 - 0x0000000074a18000 	D:\Program Files\MATLAB\R2013a\bin\win64\mcr.dll
0x0000000075000000 - 0x00000000753b1000 	D:\Program Files\MATLAB\R2013a\bin\win64\iqm.dll
0x0000000074e80000 - 0x0000000074f30000 	D:\Program Files\MATLAB\R2013a\bin\win64\m_dispatcher.dll
0x0000000004610000 - 0x0000000004e18000 	D:\Program Files\MATLAB\R2013a\bin\win64\m_interpreter.dll
0x0000000004e20000 - 0x0000000004e44000 	D:\Program Files\MATLAB\R2013a\bin\win64\libmex.dll
0x0000000075430000 - 0x00000000754ab000 	D:\Program Files\MATLAB\R2013a\bin\win64\profiler.dll
0x0000000004e50000 - 0x00000000050d3000 	D:\Program Files\MATLAB\R2013a\bin\win64\libmwmathutil.dll
0x0000000079f40000 - 0x0000000079f66000 	D:\Program Files\MATLAB\R2013a\bin\win64\libmwmathrng.dll
0x00000000050e0000 - 0x00000000050f0000 	D:\Program Files\MATLAB\R2013a\bin\win64\libmwmfl_rng.dll
0x0000000074c10000 - 0x0000000074cf8000 	D:\Program Files\MATLAB\R2013a\bin\win64\libmwmathcore.dll
0x0000000076160000 - 0x00000000761c3000 	D:\Program Files\MATLAB\R2013a\bin\win64\libmwspmatrix.dll
0x000000007b0a0000 - 0x000000007b2f6000 	D:\Program Files\MATLAB\R2013a\bin\win64\mcos.dll
0x0000000075ea0000 - 0x0000000075f02000 	D:\Program Files\MATLAB\R2013a\bin\win64\libmwcholmod.dll
0x0000000005100000 - 0x000000000510d000 	D:\Program Files\MATLAB\R2013a\bin\win64\libmwamd.dll
0x0000000066640000 - 0x00000000666e3000 	C:\Windows\WinSxS\amd64_microsoft.vc90.crt_1fc8b3b9a1e18e3b_9.0.30729.6161_none_08e61857a83bc251\MSVCR90.dll
0x0000000005120000 - 0x000000000512c000 	D:\Program Files\MATLAB\R2013a\bin\win64\libmwcolamd.dll
0x000000007a290000 - 0x000000007a2a3000 	D:\Program Files\MATLAB\R2013a\bin\win64\libmwblas.dll
0x000000007a310000 - 0x000000007a325000 	D:\Program Files\MATLAB\R2013a\bin\win64\libmwbinder.dll
0x0000000005140000 - 0x000000000514b000 	D:\Program Files\MATLAB\R2013a\bin\win64\libmwompwrapper.dll
0x0000000075820000 - 0x000000007589e000 	D:\Program Files\MATLAB\R2013a\bin\win64\libmwlapack.dll
0x000000007a1b0000 - 0x000000007a1d0000 	D:\Program Files\MATLAB\R2013a\bin\win64\m_pcodeio.dll
0x0000000079b10000 - 0x0000000079b6c000 	D:\Program Files\MATLAB\R2013a\bin\win64\m_ir.dll
0x0000000078ed0000 - 0x0000000079579000 	D:\Program Files\MATLAB\R2013a\bin\win64\m_parser.dll
0x000000007a2f0000 - 0x000000007a307000 	D:\Program Files\MATLAB\R2013a\bin\win64\ir_xfmr.dll
0x0000000005150000 - 0x0000000005160000 	D:\Program Files\MATLAB\R2013a\bin\win64\mtok.dll
0x000000007a130000 - 0x000000007a158000 	D:\Program Files\MATLAB\R2013a\bin\win64\m_pcodegen.dll
0x0000000079fb0000 - 0x0000000079fdf000 	D:\Program Files\MATLAB\R2013a\bin\win64\libmwbridge.dll
0x0000000074f40000 - 0x0000000074ff6000 	D:\Program Files\MATLAB\R2013a\bin\win64\udd.dll
0x0000000073cc0000 - 0x0000000073e0e000 	D:\Program Files\MATLAB\R2013a\bin\win64\libmwgui.dll
0x000000007a1d0000 - 0x000000007a1f4000 	D:\Program Files\MATLAB\R2013a\bin\win64\graphics_util.dll
0x000007fee6270000 - 0x000007fee6328000 	D:\Program Files\MATLAB\R2013a\bin\win64\libtex_base.dll
0x0000000005160000 - 0x0000000005aa3000 	D:\Program Files\MATLAB\R2013a\bin\win64\hg.dll
0x0000000076100000 - 0x000000007615a000 	D:\Program Files\MATLAB\R2013a\bin\win64\libmat.dll
0x0000000072d30000 - 0x0000000072f38000 	D:\Program Files\MATLAB\R2013a\bin\win64\hdf5dll.dll
0x0000000075710000 - 0x00000000757d8000 	D:\Program Files\MATLAB\R2013a\bin\win64\jmi.dll
0x0000000005ac0000 - 0x0000000005ace000 	D:\Program Files\MATLAB\R2013a\bin\win64\nativejava_services.dll
0x0000000005ad0000 - 0x0000000005b10000 	D:\Program Files\MATLAB\R2013a\bin\win64\libmwhardcopy.dll
0x0000000075c70000 - 0x0000000075cce000 	D:\Program Files\MATLAB\R2013a\bin\win64\libuij.dll
0x0000000072f50000 - 0x000000007318f000 	D:\Program Files\MATLAB\R2013a\bin\win64\hgdatatypes.dll
0x0000000005b10000 - 0x0000000005bfb000 	D:\Program Files\MATLAB\R2013a\bin\win64\hgutils.dll
0x0000000005c00000 - 0x0000000005cae000 	D:\Program Files\MATLAB\R2013a\bin\win64\udd_mi.dll
0x0000000005cb0000 - 0x0000000005ce6000 	D:\Program Files\MATLAB\R2013a\bin\win64\libmwgbtutils.dll
0x0000000005cf0000 - 0x0000000005d04000 	D:\Program Files\MATLAB\R2013a\bin\win64\libmwgbt.dll
0x0000000005d10000 - 0x0000000005fde000 	D:\Program Files\MATLAB\R2013a\bin\win64\uiw.dll
0x0000000005fe0000 - 0x0000000005fe9000 	D:\Program Files\MATLAB\R2013a\bin\win64\uinone.dll
0x0000000005ff0000 - 0x0000000006016000 	D:\Program Files\MATLAB\R2013a\bin\win64\libmwnativefiledialogs.dll
0x0000000006020000 - 0x000000000602c000 	D:\Program Files\MATLAB\R2013a\bin\win64\libmwplatform_res.dll
0x000007fef9630000 - 0x000007fef9648000 	C:\Windows\system32\MPR.dll
0x0000000065700000 - 0x0000000065c5d000 	D:\Program Files\MATLAB\R2013a\bin\win64\mfc100.dll
0x000007fef5c20000 - 0x000007fef5c27000 	C:\Windows\system32\MSIMG32.dll
0x000007fef85a0000 - 0x000007fef8611000 	C:\Windows\system32\WINSPOOL.DRV
0x0000000006030000 - 0x000000000604d000 	D:\Program Files\MATLAB\R2013a\bin\win64\mwoles05.DLL
0x0000000006050000 - 0x00000000060bc000 	D:\Program Files\MATLAB\R2013a\bin\win64\comcli.dll
0x0000000066610000 - 0x000000006663b000 	D:\Program Files\MATLAB\R2013a\bin\win64\ATL100.DLL
0x00000000060c0000 - 0x00000000060cc000 	D:\Program Files\MATLAB\R2013a\bin\win64\mlautoregister.dll
0x00000000060d0000 - 0x0000000006226000 	D:\Program Files\MATLAB\R2013a\bin\win64\mvm.dll
0x000007fefca10000 - 0x000007fefca67000 	C:\Windows\system32\apphelp.dll
0x000007fee6210000 - 0x000007fee6261000 	C:\Windows\AppPatch\AppPatch64\AcGenral.DLL
0x000007fefc9e0000 - 0x000007fefca05000 	C:\Windows\system32\SspiCli.dll
0x00000000748d0000 - 0x00000000748d3000 	C:\Windows\system32\sfc.dll
0x000007fef7fd0000 - 0x000007fef7fe0000 	C:\Windows\system32\sfc_os.DLL
0x000007fefceb0000 - 0x000007fefcece000 	C:\Windows\system32\USERENV.dll
0x000007fefcc10000 - 0x000007fefcc1f000 	C:\Windows\system32\profapi.dll

VM Arguments:
jvm_args: -XX:PermSize=32m -Xms64m -XX:NewRatio=3 -XX:MaxPermSize=128m -Xmx196m -XX:MaxDirectMemorySize=2147400000 -Dsun.java2d.noddraw=true -Dsun.awt.nopixfmt=true -Xshare:off -Xrs -Dsun.awt.disableMixing=true -Djava.library.path=D:\Program Files\MATLAB\R2013a\bin\win64;D:\Program Files\MATLAB\R2013a\sys\jxbrowser\win64\lib vfprintf abort -XX:ParallelGCThreads=6 
java_command: <unknown>
Launcher Type: generic

Environment Variables:
PATH=C:\Perl64\site\bin;C:\Perl64\bin;C:\Windows\system32;C:\Windows;C:\Windows\System32\Wbem;C:\Windows\System32\WindowsPowerShell\v1.0\;d:\Program Files (x86)\MiKTeX 2.9\miktex\bin\;C:\Program Files\Microsoft\Web Platform Installer\;C:\Program Files (x86)\Microsoft ASP.NET\ASP.NET Web Pages\v1.0\;C:\Program Files (x86)\Windows Kits\8.0\Windows Performance Toolkit\;C:\Program Files\Microsoft SQL Server\110\Tools\Binn\;d:\Program Files\MATLAB\R2013a\runtime\win64;d:\Program Files\MATLAB\R2013a\bin;d:\Program Files\MATLAB\R2012b\runtime\win64;d:\Program Files\MATLAB\R2012b\bin;C:\Program Files\TortoiseSVN\bin;C:\Program Files (x86)\Common Files\Adobe\AGL;C:\Program Files\doxygen\bin
USERNAME=Ofir
OS=Windows_NT
PROCESSOR_IDENTIFIER=Intel64 Family 6 Model 26 Stepping 5, GenuineIntel



---------------  S Y S T E M  ---------------

OS: Windows 7 Build 7601 Service Pack 1

CPU:total 8 (8 cores per cpu, 2 threads per core) family 6 model 26 stepping 5, cmov, cx8, fxsr, mmx, sse, sse2, sse3, ssse3, sse4.1, sse4.2, ht

Memory: 4k page, physical 8371428k(2416632k free), swap 16740992k(10316876k free)

vm_info: Java HotSpot(TM) 64-Bit Server VM (14.3-b01) for windows-amd64 JRE (1.6.0_17-b04), built on Oct 11 2009 00:46:08 by "java_re" with MS VC++ 8.0

time: Mon Jul 21 17:08:52 2014
elapsed time: 693501 seconds

