This is pdfTeX, Version 3.1415926-2.5-1.40.14 (MiKTeX 2.9) (preloaded format=pdflatex 2014.6.2)  21 NOV 2014 01:00
entering extended mode
**AnalysisOfTADs.tex

("D:\Ofir\ENS\PolymerChainDynamics\Documents\lab Meetings\21-11-14\AnalysisOfTA
Ds.tex"
LaTeX2e <2011/06/27>
Babel <v3.8m> and hyphenation patterns for english, afrikaans, ancientgreek, ar
abic, armenian, assamese, basque, bengali, bokmal, bulgarian, catalan, coptic, 
croatian, czech, danish, dutch, esperanto, estonian, farsi, finnish, french, ga
lician, german, german-x-2013-05-26, greek, gujarati, hindi, hungarian, iceland
ic, indonesian, interlingua, irish, italian, kannada, kurmanji, latin, latvian,
 lithuanian, malayalam, marathi, mongolian, mongolianlmc, monogreek, ngerman, n
german-x-2013-05-26, nynorsk, oriya, panjabi, pinyin, polish, portuguese, roman
ian, russian, sanskrit, serbian, slovak, slovenian, spanish, swedish, swissgerm
an, tamil, telugu, turkish, turkmen, ukenglish, ukrainian, uppersorbian, usengl
ishmax, welsh, loaded.
(C:\Users\Ofir\AppData\Roaming\MiKTeX\2.9\tex\latex\beamer\base\beamer.cls
(C:\Users\Ofir\AppData\Roaming\MiKTeX\2.9\tex\latex\beamer\base\beamerbasercs.s
ty
Package: beamerbasercs 2013/12/25 (rcs-revision 31cc758a62ae)
)
Document Class: beamer 2013/12/02 3.33 A class for typesetting presentations (r
cs-revision 332bfd3ce558)

(C:\Users\Ofir\AppData\Roaming\MiKTeX\2.9\tex\latex\beamer\base\beamerbasemodes
.sty
Package: beamerbasemodes 2013/09/03 (rcs-revision 768f2d98ca64)
\beamer@tempbox=\box26
\beamer@tempcount=\count79
\c@beamerpauses=\count80

(C:\Users\Ofir\AppData\Roaming\MiKTeX\2.9\tex\latex\beamer\base\beamerbasedecod
e.sty
Package: beamerbasedecode 2010/05/01 (rcs-revision efa082c6111d)
\beamer@slideinframe=\count81
\beamer@minimum=\count82
)
\beamer@commentbox=\box27
\beamer@modecount=\count83
) ("d:\Program Files (x86)\MiKTeX 2.9\tex\generic\oberdiek\ifpdf.sty"
Package: ifpdf 2011/01/30 v2.3 Provides the ifpdf switch (HO)
Package ifpdf Info: pdfTeX in PDF mode is detected.
)
\headheight=\dimen102
\headdp=\dimen103
\footheight=\dimen104
\sidebarheight=\dimen105
\beamer@tempdim=\dimen106
\beamer@finalheight=\dimen107
\beamer@animht=\dimen108
\beamer@animdp=\dimen109
\beamer@animwd=\dimen110
\beamer@leftmargin=\dimen111
\beamer@rightmargin=\dimen112
\beamer@leftsidebar=\dimen113
\beamer@rightsidebar=\dimen114
\beamer@boxsize=\dimen115
\beamer@vboxoffset=\dimen116
\beamer@descdefault=\dimen117
\beamer@descriptionwidth=\dimen118
\beamer@lastskip=\skip41
\beamer@areabox=\box28
\beamer@animcurrent=\box29
\beamer@animshowbox=\box30
\beamer@sectionbox=\box31
\beamer@logobox=\box32
\beamer@linebox=\box33
\beamer@sectioncount=\count84
\beamer@subsubsectionmax=\count85
\beamer@subsectionmax=\count86
\beamer@sectionmax=\count87
\beamer@totalheads=\count88
\beamer@headcounter=\count89
\beamer@partstartpage=\count90
\beamer@sectionstartpage=\count91
\beamer@subsectionstartpage=\count92
\beamer@animationtempa=\count93
\beamer@animationtempb=\count94
\beamer@xpos=\count95
\beamer@ypos=\count96
\beamer@showpartnumber=\count97
\beamer@currentsubsection=\count98
\beamer@coveringdepth=\count99
\beamer@sectionadjust=\count100
\beamer@tocsectionnumber=\count101

(C:\Users\Ofir\AppData\Roaming\MiKTeX\2.9\tex\latex\beamer\base\beamerbaseoptio
ns.sty
Package: beamerbaseoptions 2013/03/10 (rcs-revision 47431932db0d)
 ("d:\Program Files (x86)\MiKTeX 2.9\tex\latex\graphics\keyval.sty"
Package: keyval 1999/03/16 v1.13 key=value parser (DPC)
\KV@toks@=\toks14
))
\beamer@paperwidth=\skip42
\beamer@paperheight=\skip43

("d:\Program Files (x86)\MiKTeX 2.9\tex\latex\geometry\geometry.sty"
Package: geometry 2010/09/12 v5.6 Page Geometry

("d:\Program Files (x86)\MiKTeX 2.9\tex\generic\oberdiek\ifvtex.sty"
Package: ifvtex 2010/03/01 v1.5 Detect VTeX and its facilities (HO)
Package ifvtex Info: VTeX not detected.
)
("d:\Program Files (x86)\MiKTeX 2.9\tex\generic\ifxetex\ifxetex.sty"
Package: ifxetex 2010/09/12 v0.6 Provides ifxetex conditional
)
\Gm@cnth=\count102
\Gm@cntv=\count103
\c@Gm@tempcnt=\count104
\Gm@bindingoffset=\dimen119
\Gm@wd@mp=\dimen120
\Gm@odd@mp=\dimen121
\Gm@even@mp=\dimen122
\Gm@layoutwidth=\dimen123
\Gm@layoutheight=\dimen124
\Gm@layouthoffset=\dimen125
\Gm@layoutvoffset=\dimen126
\Gm@dimlist=\toks15

("d:\Program Files (x86)\MiKTeX 2.9\tex\latex\geometry\geometry.cfg"))
(C:\Users\Ofir\AppData\Roaming\MiKTeX\2.9\tex\latex\extsizes\size8.clo
File: size8.clo 1999/11/11 v1.4a NON-Standard LaTeX file (size option)
)
(C:\Users\Ofir\AppData\Roaming\MiKTeX\2.9\tex\latex\pgf\basiclayer\pgfcore.sty
("d:\Program Files (x86)\MiKTeX 2.9\tex\latex\graphics\graphicx.sty"
Package: graphicx 1999/02/16 v1.0f Enhanced LaTeX Graphics (DPC,SPQR)

("d:\Program Files (x86)\MiKTeX 2.9\tex\latex\graphics\graphics.sty"
Package: graphics 2009/02/05 v1.0o Standard LaTeX Graphics (DPC,SPQR)

("d:\Program Files (x86)\MiKTeX 2.9\tex\latex\graphics\trig.sty"
Package: trig 1999/03/16 v1.09 sin cos tan (DPC)
)
("d:\Program Files (x86)\MiKTeX 2.9\tex\latex\00miktex\graphics.cfg"
File: graphics.cfg 2007/01/18 v1.5 graphics configuration of teTeX/TeXLive
)
Package graphics Info: Driver file: pdftex.def on input line 91.

("d:\Program Files (x86)\MiKTeX 2.9\tex\latex\pdftex-def\pdftex.def"
File: pdftex.def 2011/05/27 v0.06d Graphics/color for pdfTeX

("d:\Program Files (x86)\MiKTeX 2.9\tex\generic\oberdiek\infwarerr.sty"
Package: infwarerr 2010/04/08 v1.3 Providing info/warning/error messages (HO)
)
("d:\Program Files (x86)\MiKTeX 2.9\tex\generic\oberdiek\ltxcmds.sty"
Package: ltxcmds 2011/11/09 v1.22 LaTeX kernel commands for general use (HO)
)
\Gread@gobject=\count105
))
\Gin@req@height=\dimen127
\Gin@req@width=\dimen128
)
(C:\Users\Ofir\AppData\Roaming\MiKTeX\2.9\tex\latex\pgf\systemlayer\pgfsys.sty
(C:\Users\Ofir\AppData\Roaming\MiKTeX\2.9\tex\latex\pgf\utilities\pgfrcs.sty
(C:\Users\Ofir\AppData\Roaming\MiKTeX\2.9\tex\generic\pgf\utilities\pgfutil-com
mon.tex
\pgfutil@everybye=\toks16
\pgfutil@tempdima=\dimen129
\pgfutil@tempdimb=\dimen130

(C:\Users\Ofir\AppData\Roaming\MiKTeX\2.9\tex\generic\pgf\utilities\pgfutil-com
mon-lists.tex))
(C:\Users\Ofir\AppData\Roaming\MiKTeX\2.9\tex\generic\pgf\utilities\pgfutil-lat
ex.def
\pgfutil@abb=\box34
 (C:\Users\Ofir\AppData\Roaming\MiKTeX\2.9\tex\latex\ms\everyshi.sty
Package: everyshi 2001/05/15 v3.00 EveryShipout Package (MS)
))
(C:\Users\Ofir\AppData\Roaming\MiKTeX\2.9\tex\generic\pgf\utilities\pgfrcs.code
.tex
Package: pgfrcs 2013/12/20 v3.0.0 (rcs-revision 1.28)
))
(C:\Users\Ofir\AppData\Roaming\MiKTeX\2.9\tex\generic\pgf\systemlayer\pgfsys.co
de.tex
Package: pgfsys 2013/11/30 v3.0.0 (rcs-revision 1.47)

(C:\Users\Ofir\AppData\Roaming\MiKTeX\2.9\tex\generic\pgf\utilities\pgfkeys.cod
e.tex
\pgfkeys@pathtoks=\toks17
\pgfkeys@temptoks=\toks18

(C:\Users\Ofir\AppData\Roaming\MiKTeX\2.9\tex\generic\pgf\utilities\pgfkeysfilt
ered.code.tex
\pgfkeys@tmptoks=\toks19
))
\pgf@x=\dimen131
\pgf@y=\dimen132
\pgf@xa=\dimen133
\pgf@ya=\dimen134
\pgf@xb=\dimen135
\pgf@yb=\dimen136
\pgf@xc=\dimen137
\pgf@yc=\dimen138
\w@pgf@writea=\write3
\r@pgf@reada=\read1
\c@pgf@counta=\count106
\c@pgf@countb=\count107
\c@pgf@countc=\count108
\c@pgf@countd=\count109
\t@pgf@toka=\toks20
\t@pgf@tokb=\toks21
\t@pgf@tokc=\toks22

(C:\Users\Ofir\AppData\Roaming\MiKTeX\2.9\tex\generic\pgf\systemlayer\pgf.cfg
File: pgf.cfg 2008/05/14  (rcs-revision 1.7)
)
Driver file for pgf: pgfsys-pdftex.def

(C:\Users\Ofir\AppData\Roaming\MiKTeX\2.9\tex\generic\pgf\systemlayer\pgfsys-pd
ftex.def
File: pgfsys-pdftex.def 2013/07/18  (rcs-revision 1.33)

(C:\Users\Ofir\AppData\Roaming\MiKTeX\2.9\tex\generic\pgf\systemlayer\pgfsys-co
mmon-pdf.def
File: pgfsys-common-pdf.def 2013/10/10  (rcs-revision 1.13)
)))
(C:\Users\Ofir\AppData\Roaming\MiKTeX\2.9\tex\generic\pgf\systemlayer\pgfsyssof
tpath.code.tex
File: pgfsyssoftpath.code.tex 2013/09/09  (rcs-revision 1.9)
\pgfsyssoftpath@smallbuffer@items=\count110
\pgfsyssoftpath@bigbuffer@items=\count111
)
(C:\Users\Ofir\AppData\Roaming\MiKTeX\2.9\tex\generic\pgf\systemlayer\pgfsyspro
tocol.code.tex
File: pgfsysprotocol.code.tex 2006/10/16  (rcs-revision 1.4)
))
(C:\Users\Ofir\AppData\Roaming\MiKTeX\2.9\tex\latex\xcolor\xcolor.sty
Package: xcolor 2007/01/21 v2.11 LaTeX color extensions (UK)

("d:\Program Files (x86)\MiKTeX 2.9\tex\latex\00miktex\color.cfg"
File: color.cfg 2007/01/18 v1.5 color configuration of teTeX/TeXLive
)
Package xcolor Info: Driver file: pdftex.def on input line 225.
Package xcolor Info: Model `cmy' substituted by `cmy0' on input line 1337.
Package xcolor Info: Model `hsb' substituted by `rgb' on input line 1341.
Package xcolor Info: Model `RGB' extended on input line 1353.
Package xcolor Info: Model `HTML' substituted by `rgb' on input line 1355.
Package xcolor Info: Model `Hsb' substituted by `hsb' on input line 1356.
Package xcolor Info: Model `tHsb' substituted by `hsb' on input line 1357.
Package xcolor Info: Model `HSB' substituted by `hsb' on input line 1358.
Package xcolor Info: Model `Gray' substituted by `gray' on input line 1359.
Package xcolor Info: Model `wave' substituted by `hsb' on input line 1360.
)
(C:\Users\Ofir\AppData\Roaming\MiKTeX\2.9\tex\generic\pgf\basiclayer\pgfcore.co
de.tex
Package: pgfcore 2010/04/11 v3.0.0 (rcs-revision 1.7)

(C:\Users\Ofir\AppData\Roaming\MiKTeX\2.9\tex\generic\pgf\math\pgfmath.code.tex

(C:\Users\Ofir\AppData\Roaming\MiKTeX\2.9\tex\generic\pgf\math\pgfmathcalc.code
.tex
(C:\Users\Ofir\AppData\Roaming\MiKTeX\2.9\tex\generic\pgf\math\pgfmathutil.code
.tex)
(C:\Users\Ofir\AppData\Roaming\MiKTeX\2.9\tex\generic\pgf\math\pgfmathparser.co
de.tex
\pgfmath@dimen=\dimen139
\pgfmath@count=\count112
\pgfmath@box=\box35
\pgfmath@toks=\toks23
\pgfmath@stack@operand=\toks24
\pgfmath@stack@operation=\toks25
)
(C:\Users\Ofir\AppData\Roaming\MiKTeX\2.9\tex\generic\pgf\math\pgfmathfunctions
.code.tex
(C:\Users\Ofir\AppData\Roaming\MiKTeX\2.9\tex\generic\pgf\math\pgfmathfunctions
.basic.code.tex)
(C:\Users\Ofir\AppData\Roaming\MiKTeX\2.9\tex\generic\pgf\math\pgfmathfunctions
.trigonometric.code.tex)
(C:\Users\Ofir\AppData\Roaming\MiKTeX\2.9\tex\generic\pgf\math\pgfmathfunctions
.random.code.tex)
(C:\Users\Ofir\AppData\Roaming\MiKTeX\2.9\tex\generic\pgf\math\pgfmathfunctions
.comparison.code.tex)
(C:\Users\Ofir\AppData\Roaming\MiKTeX\2.9\tex\generic\pgf\math\pgfmathfunctions
.base.code.tex)
(C:\Users\Ofir\AppData\Roaming\MiKTeX\2.9\tex\generic\pgf\math\pgfmathfunctions
.round.code.tex)
(C:\Users\Ofir\AppData\Roaming\MiKTeX\2.9\tex\generic\pgf\math\pgfmathfunctions
.misc.code.tex)
(C:\Users\Ofir\AppData\Roaming\MiKTeX\2.9\tex\generic\pgf\math\pgfmathfunctions
.integerarithmetics.code.tex)))
(C:\Users\Ofir\AppData\Roaming\MiKTeX\2.9\tex\generic\pgf\math\pgfmathfloat.cod
e.tex
\c@pgfmathroundto@lastzeros=\count113
))
(C:\Users\Ofir\AppData\Roaming\MiKTeX\2.9\tex\generic\pgf\basiclayer\pgfcorepoi
nts.code.tex
File: pgfcorepoints.code.tex 2013/10/07  (rcs-revision 1.27)
\pgf@picminx=\dimen140
\pgf@picmaxx=\dimen141
\pgf@picminy=\dimen142
\pgf@picmaxy=\dimen143
\pgf@pathminx=\dimen144
\pgf@pathmaxx=\dimen145
\pgf@pathminy=\dimen146
\pgf@pathmaxy=\dimen147
\pgf@xx=\dimen148
\pgf@xy=\dimen149
\pgf@yx=\dimen150
\pgf@yy=\dimen151
\pgf@zx=\dimen152
\pgf@zy=\dimen153
)
(C:\Users\Ofir\AppData\Roaming\MiKTeX\2.9\tex\generic\pgf\basiclayer\pgfcorepat
hconstruct.code.tex
File: pgfcorepathconstruct.code.tex 2013/10/07  (rcs-revision 1.29)
\pgf@path@lastx=\dimen154
\pgf@path@lasty=\dimen155
)
(C:\Users\Ofir\AppData\Roaming\MiKTeX\2.9\tex\generic\pgf\basiclayer\pgfcorepat
husage.code.tex
File: pgfcorepathusage.code.tex 2013/12/13  (rcs-revision 1.23)
\pgf@shorten@end@additional=\dimen156
\pgf@shorten@start@additional=\dimen157
)
(C:\Users\Ofir\AppData\Roaming\MiKTeX\2.9\tex\generic\pgf\basiclayer\pgfcoresco
pes.code.tex
File: pgfcorescopes.code.tex 2013/10/09  (rcs-revision 1.44)
\pgfpic=\box36
\pgf@hbox=\box37
\pgf@layerbox@main=\box38
\pgf@picture@serial@count=\count114
)
(C:\Users\Ofir\AppData\Roaming\MiKTeX\2.9\tex\generic\pgf\basiclayer\pgfcoregra
phicstate.code.tex
File: pgfcoregraphicstate.code.tex 2013/09/19  (rcs-revision 1.11)
\pgflinewidth=\dimen158
)
(C:\Users\Ofir\AppData\Roaming\MiKTeX\2.9\tex\generic\pgf\basiclayer\pgfcoretra
nsformations.code.tex
File: pgfcoretransformations.code.tex 2013/10/10  (rcs-revision 1.17)
\pgf@pt@x=\dimen159
\pgf@pt@y=\dimen160
\pgf@pt@temp=\dimen161
)
(C:\Users\Ofir\AppData\Roaming\MiKTeX\2.9\tex\generic\pgf\basiclayer\pgfcorequi
ck.code.tex
File: pgfcorequick.code.tex 2008/10/09  (rcs-revision 1.3)
)
(C:\Users\Ofir\AppData\Roaming\MiKTeX\2.9\tex\generic\pgf\basiclayer\pgfcoreobj
ects.code.tex
File: pgfcoreobjects.code.tex 2006/10/11  (rcs-revision 1.2)
)
(C:\Users\Ofir\AppData\Roaming\MiKTeX\2.9\tex\generic\pgf\basiclayer\pgfcorepat
hprocessing.code.tex
File: pgfcorepathprocessing.code.tex 2013/09/09  (rcs-revision 1.9)
)
(C:\Users\Ofir\AppData\Roaming\MiKTeX\2.9\tex\generic\pgf\basiclayer\pgfcorearr
ows.code.tex
File: pgfcorearrows.code.tex 2013/11/07  (rcs-revision 1.40)
\pgfarrowsep=\dimen162
)
(C:\Users\Ofir\AppData\Roaming\MiKTeX\2.9\tex\generic\pgf\basiclayer\pgfcoresha
de.code.tex
File: pgfcoreshade.code.tex 2013/07/15  (rcs-revision 1.15)
\pgf@max=\dimen163
\pgf@sys@shading@range@num=\count115
)
(C:\Users\Ofir\AppData\Roaming\MiKTeX\2.9\tex\generic\pgf\basiclayer\pgfcoreima
ge.code.tex
File: pgfcoreimage.code.tex 2013/07/15  (rcs-revision 1.18)

(C:\Users\Ofir\AppData\Roaming\MiKTeX\2.9\tex\generic\pgf\basiclayer\pgfcoreext
ernal.code.tex
File: pgfcoreexternal.code.tex 2013/07/15  (rcs-revision 1.20)
\pgfexternal@startupbox=\box39
))
(C:\Users\Ofir\AppData\Roaming\MiKTeX\2.9\tex\generic\pgf\basiclayer\pgfcorelay
ers.code.tex
File: pgfcorelayers.code.tex 2013/07/18  (rcs-revision 1.7)
)
(C:\Users\Ofir\AppData\Roaming\MiKTeX\2.9\tex\generic\pgf\basiclayer\pgfcoretra
nsparency.code.tex
File: pgfcoretransparency.code.tex 2013/09/30  (rcs-revision 1.5)
)
(C:\Users\Ofir\AppData\Roaming\MiKTeX\2.9\tex\generic\pgf\basiclayer\pgfcorepat
terns.code.tex
File: pgfcorepatterns.code.tex 2013/11/07  (rcs-revision 1.5)
)))
(C:\Users\Ofir\AppData\Roaming\MiKTeX\2.9\tex\latex\pgf\utilities\xxcolor.sty
Package: xxcolor 2003/10/24 ver 0.1
\XC@nummixins=\count116
\XC@countmixins=\count117
)
("d:\Program Files (x86)\MiKTeX 2.9\tex\generic\oberdiek\atbegshi.sty"
Package: atbegshi 2011/10/05 v1.16 At begin shipout hook (HO)
)
("d:\Program Files (x86)\MiKTeX 2.9\tex\latex\hyperref\hyperref.sty"
Package: hyperref 2012/11/06 v6.83m Hypertext links for LaTeX

("d:\Program Files (x86)\MiKTeX 2.9\tex\generic\oberdiek\hobsub-hyperref.sty"
Package: hobsub-hyperref 2012/04/25 v1.12 Bundle oberdiek, subset hyperref (HO)


("d:\Program Files (x86)\MiKTeX 2.9\tex\generic\oberdiek\hobsub-generic.sty"
Package: hobsub-generic 2012/04/25 v1.12 Bundle oberdiek, subset generic (HO)
Package: hobsub 2012/04/25 v1.12 Construct package bundles (HO)
Package hobsub Info: Skipping package `infwarerr' (already loaded).
Package hobsub Info: Skipping package `ltxcmds' (already loaded).
Package: ifluatex 2010/03/01 v1.3 Provides the ifluatex switch (HO)
Package ifluatex Info: LuaTeX not detected.
Package hobsub Info: Skipping package `ifvtex' (already loaded).
Package: intcalc 2007/09/27 v1.1 Expandable calculations with integers (HO)
Package hobsub Info: Skipping package `ifpdf' (already loaded).
Package: etexcmds 2011/02/16 v1.5 Avoid name clashes with e-TeX commands (HO)
Package etexcmds Info: Could not find \expanded.
(etexcmds)             That can mean that you are not using pdfTeX 1.50 or
(etexcmds)             that some package has redefined \expanded.
(etexcmds)             In the latter case, load this package earlier.
Package: kvsetkeys 2012/04/25 v1.16 Key value parser (HO)
Package: kvdefinekeys 2011/04/07 v1.3 Define keys (HO)
Package: pdftexcmds 2011/11/29 v0.20 Utility functions of pdfTeX for LuaTeX (HO
)
Package pdftexcmds Info: LuaTeX not detected.
Package pdftexcmds Info: \pdf@primitive is available.
Package pdftexcmds Info: \pdf@ifprimitive is available.
Package pdftexcmds Info: \pdfdraftmode found.
Package: pdfescape 2011/11/25 v1.13 Implements pdfTeX's escape features (HO)
Package: bigintcalc 2012/04/08 v1.3 Expandable calculations on big integers (HO
)
Package: bitset 2011/01/30 v1.1 Handle bit-vector datatype (HO)
Package: uniquecounter 2011/01/30 v1.2 Provide unlimited unique counter (HO)
)
Package hobsub Info: Skipping package `hobsub' (already loaded).
Package: letltxmacro 2010/09/02 v1.4 Let assignment for LaTeX macros (HO)
Package: hopatch 2011/06/24 v1.1 Wrapper for package hooks (HO)
Package: xcolor-patch 2011/01/30 xcolor patch
Package: atveryend 2011/06/30 v1.8 Hooks at the very end of document (HO)
Package atveryend Info: \enddocument detected (standard20110627).
Package hobsub Info: Skipping package `atbegshi' (already loaded).
Package: refcount 2011/10/16 v3.4 Data extraction from label references (HO)
Package: hycolor 2011/01/30 v1.7 Color options for hyperref/bookmark (HO)
)
("d:\Program Files (x86)\MiKTeX 2.9\tex\latex\oberdiek\auxhook.sty"
Package: auxhook 2011/03/04 v1.3 Hooks for auxiliary files (HO)
)
("d:\Program Files (x86)\MiKTeX 2.9\tex\latex\oberdiek\kvoptions.sty"
Package: kvoptions 2011/06/30 v3.11 Key value format for package options (HO)
)
\@linkdim=\dimen164
\Hy@linkcounter=\count118
\Hy@pagecounter=\count119

("d:\Program Files (x86)\MiKTeX 2.9\tex\latex\hyperref\pd1enc.def"
File: pd1enc.def 2012/11/06 v6.83m Hyperref: PDFDocEncoding definition (HO)
)
\Hy@SavedSpaceFactor=\count120

("d:\Program Files (x86)\MiKTeX 2.9\tex\latex\00miktex\hyperref.cfg"
File: hyperref.cfg 2002/06/06 v1.2 hyperref configuration of TeXLive
)
Package hyperref Info: Option `bookmarks' set `true' on input line 4319.
Package hyperref Info: Option `bookmarksopen' set `true' on input line 4319.
Package hyperref Info: Option `implicit' set `false' on input line 4319.
Package hyperref Info: Hyper figures OFF on input line 4443.
Package hyperref Info: Link nesting OFF on input line 4448.
Package hyperref Info: Hyper index ON on input line 4451.
Package hyperref Info: Plain pages OFF on input line 4458.
Package hyperref Info: Backreferencing OFF on input line 4463.
Package hyperref Info: Implicit mode OFF; no redefinition of LaTeX internals.
Package hyperref Info: Bookmarks ON on input line 4688.
\c@Hy@tempcnt=\count121

(C:\Users\Ofir\AppData\Roaming\MiKTeX\2.9\tex\latex\url\url.sty
\Urlmuskip=\muskip10
Package: url 2013/09/16  ver 3.4  Verb mode for urls, etc.
)
LaTeX Info: Redefining \url on input line 5041.
\XeTeXLinkMargin=\dimen165
\Fld@menulength=\count122
\Field@Width=\dimen166
\Fld@charsize=\dimen167
Package hyperref Info: Hyper figures OFF on input line 6295.
Package hyperref Info: Link nesting OFF on input line 6300.
Package hyperref Info: Hyper index ON on input line 6303.
Package hyperref Info: backreferencing OFF on input line 6310.
Package hyperref Info: Link coloring OFF on input line 6315.
Package hyperref Info: Link coloring with OCG OFF on input line 6320.
Package hyperref Info: PDF/A mode OFF on input line 6325.
LaTeX Info: Redefining \ref on input line 6365.
LaTeX Info: Redefining \pageref on input line 6369.
\Hy@abspage=\count123


Package hyperref Message: Stopped early.

)

Package hyperref Message: Driver (autodetected): hpdftex.

("d:\Program Files (x86)\MiKTeX 2.9\tex\latex\hyperref\hpdftex.def"
File: hpdftex.def 2012/11/06 v6.83m Hyperref driver for pdfTeX
\Fld@listcount=\count124
\c@bookmark@seq@number=\count125

("d:\Program Files (x86)\MiKTeX 2.9\tex\latex\oberdiek\rerunfilecheck.sty"
Package: rerunfilecheck 2011/04/15 v1.7 Rerun checks for auxiliary files (HO)
Package uniquecounter Info: New unique counter `rerunfilecheck' on input line 2
82.
))
(C:\Users\Ofir\AppData\Roaming\MiKTeX\2.9\tex\latex\beamer\base\beamerbaserequi
res.sty
Package: beamerbaserequires 2010/05/01  (rcs-revision efa082c6111d)

(C:\Users\Ofir\AppData\Roaming\MiKTeX\2.9\tex\latex\beamer\base\beamerbasecompa
tibility.sty
Package: beamerbasecompatibility 2012/05/01  (rcs-revision 67c48b3b652d)
)
(C:\Users\Ofir\AppData\Roaming\MiKTeX\2.9\tex\latex\beamer\base\beamerbasefont.
sty
Package: beamerbasefont 2013/10/18  (rcs-revision 72f39e01808a)
 ("d:\Program Files (x86)\MiKTeX 2.9\tex\latex\amsfonts\amssymb.sty"
Package: amssymb 2013/01/14 v3.01 AMS font symbols

("d:\Program Files (x86)\MiKTeX 2.9\tex\latex\amsfonts\amsfonts.sty"
Package: amsfonts 2013/01/14 v3.01 Basic AMSFonts support
\@emptytoks=\toks26
\symAMSa=\mathgroup4
\symAMSb=\mathgroup5
LaTeX Font Info:    Overwriting math alphabet `\mathfrak' in version `bold'
(Font)                  U/euf/m/n --> U/euf/b/n on input line 106.
))
(C:\Users\Ofir\AppData\Roaming\MiKTeX\2.9\tex\latex\sansmathaccent\sansmathacce
nt.sty
Package: sansmathaccent 2013/03/28

(C:\Users\Ofir\AppData\Roaming\MiKTeX\2.9\tex\latex\filehook\filehook.sty
Package: filehook 2011/10/12 v0.5d Hooks for input files
)))
(C:\Users\Ofir\AppData\Roaming\MiKTeX\2.9\tex\latex\beamer\base\beamerbasetrans
lator.sty
Package: beamerbasetranslator 2010/06/11  (rcs-revision 85fd1cc7fc42)

(C:\Users\Ofir\AppData\Roaming\MiKTeX\2.9\tex\latex\beamer\base\translator\tran
slator.sty
Package: translator 2010/06/12 ver 1.10

(C:\Users\Ofir\AppData\Roaming\MiKTeX\2.9\tex\latex\beamer\base\translator\tran
slator-language-mappings.tex)))
(C:\Users\Ofir\AppData\Roaming\MiKTeX\2.9\tex\latex\beamer\base\beamerbasemisc.
sty
Package: beamerbasemisc 2013/09/03  (rcs-revision a55719c41d85)
)
(C:\Users\Ofir\AppData\Roaming\MiKTeX\2.9\tex\latex\beamer\base\beamerbasetwosc
reens.sty
Package: beamerbasetwoscreens 2010/05/01  (rcs-revision efa082c6111d)
)
(C:\Users\Ofir\AppData\Roaming\MiKTeX\2.9\tex\latex\beamer\base\beamerbaseoverl
ay.sty
Package: beamerbaseoverlay 2013/12/25  (rcs-revision f6bd5e3805da)
\beamer@argscount=\count126
\beamer@lastskipcover=\skip44
\beamer@trivlistdepth=\count127
)
(C:\Users\Ofir\AppData\Roaming\MiKTeX\2.9\tex\latex\beamer\base\beamerbasetitle
.sty
Package: beamerbasetitle 2010/09/21  (rcs-revision f0446ed0b6ae)
)
(C:\Users\Ofir\AppData\Roaming\MiKTeX\2.9\tex\latex\beamer\base\beamerbasesecti
on.sty
Package: beamerbasesection 2013/06/07  (rcs-revision 60b9fe0f342f)
\c@lecture=\count128
\c@part=\count129
\c@section=\count130
\c@subsection=\count131
\c@subsubsection=\count132
)
(C:\Users\Ofir\AppData\Roaming\MiKTeX\2.9\tex\latex\beamer\base\beamerbaseframe
.sty
Package: beamerbaseframe 2013/10/02  (rcs-revision cdc8e9a3aaac)
\beamer@framebox=\box40
\beamer@frametitlebox=\box41
\beamer@zoombox=\box42
\beamer@zoomcount=\count133
\beamer@zoomframecount=\count134
\beamer@frametextheight=\dimen168
\c@subsectionslide=\count135
\beamer@frametopskip=\skip45
\beamer@framebottomskip=\skip46
\beamer@frametopskipautobreak=\skip47
\beamer@framebottomskipautobreak=\skip48
\beamer@envbody=\toks27
\framewidth=\dimen169
\c@framenumber=\count136
)
(C:\Users\Ofir\AppData\Roaming\MiKTeX\2.9\tex\latex\beamer\base\beamerbaseverba
tim.sty
Package: beamerbaseverbatim 2012/08/30  (rcs-revision dfdb135076b3)
\beamer@verbatimfileout=\write4
)
(C:\Users\Ofir\AppData\Roaming\MiKTeX\2.9\tex\latex\beamer\base\beamerbaseframe
size.sty
Package: beamerbaseframesize 2011/09/12  (rcs-revision 70f9d8411e54)
\beamer@splitbox=\box43
\beamer@autobreakcount=\count137
\beamer@autobreaklastheight=\dimen170
\beamer@frametitletoks=\toks28
\beamer@framesubtitletoks=\toks29
)
(C:\Users\Ofir\AppData\Roaming\MiKTeX\2.9\tex\latex\beamer\base\beamerbaseframe
components.sty
Package: beamerbaseframecomponents 2013/10/18  (rcs-revision 5cf6c5555a45)
\beamer@footins=\box44
)
(C:\Users\Ofir\AppData\Roaming\MiKTeX\2.9\tex\latex\beamer\base\beamerbasecolor
.sty
Package: beamerbasecolor 2010/06/06  (rcs-revision d1a9b48be06d)
)
(C:\Users\Ofir\AppData\Roaming\MiKTeX\2.9\tex\latex\beamer\base\beamerbasenotes
.sty
Package: beamerbasenotes 2012/12/19  (rcs-revision 1686da3db3c9)
\beamer@frameboxcopy=\box45
)
(C:\Users\Ofir\AppData\Roaming\MiKTeX\2.9\tex\latex\beamer\base\beamerbasetoc.s
ty
Package: beamerbasetoc 2013/05/23  (rcs-revision 0fdf5bc43be8)
)
(C:\Users\Ofir\AppData\Roaming\MiKTeX\2.9\tex\latex\beamer\base\beamerbasetempl
ates.sty
Package: beamerbasetemplates 2010/05/01  (rcs-revision efa082c6111d)
\beamer@sbttoks=\toks30

(C:\Users\Ofir\AppData\Roaming\MiKTeX\2.9\tex\latex\beamer\base\beamerbaseauxte
mplates.sty
Package: beamerbaseauxtemplates 2013/09/04  (rcs-revision 4ac715c499d0)

(C:\Users\Ofir\AppData\Roaming\MiKTeX\2.9\tex\latex\beamer\base\beamerbaseboxes
.sty
Package: beamerbaseboxes 2012/05/13  (rcs-revision 56972908a390)
\bmb@box=\box46
\bmb@colorbox=\box47
\bmb@boxshadow=\box48
\bmb@boxshadowball=\box49
\bmb@boxshadowballlarge=\box50
\bmb@temp=\dimen171
\bmb@dima=\dimen172
\bmb@dimb=\dimen173
\bmb@prevheight=\dimen174
)
\beamer@blockheadheight=\dimen175
))
(C:\Users\Ofir\AppData\Roaming\MiKTeX\2.9\tex\latex\beamer\base\beamerbaselocal
structure.sty
Package: beamerbaselocalstructure 2013/09/04  (rcs-revision 4ac715c499d0)
 ("d:\Program Files (x86)\MiKTeX 2.9\tex\latex\tools\enumerate.sty"
Package: enumerate 1999/03/05 v3.00 enumerate extensions (DPC)
\@enLab=\toks31
)
\c@figure=\count138
\c@table=\count139
\abovecaptionskip=\skip49
\belowcaptionskip=\skip50
)
(C:\Users\Ofir\AppData\Roaming\MiKTeX\2.9\tex\latex\beamer\base\beamerbasenavig
ation.sty
Package: beamerbasenavigation 2013/10/05  (rcs-revision 62be157fe783)
\beamer@section@min@dim=\dimen176
)
(C:\Users\Ofir\AppData\Roaming\MiKTeX\2.9\tex\latex\beamer\base\beamerbasetheor
ems.sty
Package: beamerbasetheorems 2010/06/06  (rcs-revision 7e7cc5e53e9d)
 ("d:\Program Files (x86)\MiKTeX 2.9\tex\latex\amsmath\amsmath.sty"
Package: amsmath 2013/01/14 v2.14 AMS math features
\@mathmargin=\skip51

For additional information on amsmath, use the `?' option.
("d:\Program Files (x86)\MiKTeX 2.9\tex\latex\amsmath\amstext.sty"
Package: amstext 2000/06/29 v2.01

("d:\Program Files (x86)\MiKTeX 2.9\tex\latex\amsmath\amsgen.sty"
File: amsgen.sty 1999/11/30 v2.0
\@emptytoks=\toks32
\ex@=\dimen177
))
("d:\Program Files (x86)\MiKTeX 2.9\tex\latex\amsmath\amsbsy.sty"
Package: amsbsy 1999/11/29 v1.2d
\pmbraise@=\dimen178
)
("d:\Program Files (x86)\MiKTeX 2.9\tex\latex\amsmath\amsopn.sty"
Package: amsopn 1999/12/14 v2.01 operator names
)
\inf@bad=\count140
LaTeX Info: Redefining \frac on input line 210.
\uproot@=\count141
\leftroot@=\count142
LaTeX Info: Redefining \overline on input line 306.
\classnum@=\count143
\DOTSCASE@=\count144
LaTeX Info: Redefining \ldots on input line 378.
LaTeX Info: Redefining \dots on input line 381.
LaTeX Info: Redefining \cdots on input line 466.
\Mathstrutbox@=\box51
\strutbox@=\box52
\big@size=\dimen179
LaTeX Font Info:    Redeclaring font encoding OML on input line 566.
LaTeX Font Info:    Redeclaring font encoding OMS on input line 567.
\macc@depth=\count145
\c@MaxMatrixCols=\count146
\dotsspace@=\muskip11
\c@parentequation=\count147
\dspbrk@lvl=\count148
\tag@help=\toks33
\row@=\count149
\column@=\count150
\maxfields@=\count151
\andhelp@=\toks34
\eqnshift@=\dimen180
\alignsep@=\dimen181
\tagshift@=\dimen182
\tagwidth@=\dimen183
\totwidth@=\dimen184
\lineht@=\dimen185
\@envbody=\toks35
\multlinegap=\skip52
\multlinetaggap=\skip53
\mathdisplay@stack=\toks36
LaTeX Info: Redefining \[ on input line 2665.
LaTeX Info: Redefining \] on input line 2666.
)
("d:\Program Files (x86)\MiKTeX 2.9\tex\latex\amscls\amsthm.sty"
Package: amsthm 2004/08/06 v2.20
\thm@style=\toks37
\thm@bodyfont=\toks38
\thm@headfont=\toks39
\thm@notefont=\toks40
\thm@headpunct=\toks41
\thm@preskip=\skip54
\thm@postskip=\skip55
\thm@headsep=\skip56
\dth@everypar=\toks42
)
\c@theorem=\count152
)
(C:\Users\Ofir\AppData\Roaming\MiKTeX\2.9\tex\latex\beamer\base\beamerbasetheme
s.sty
Package: beamerbasethemes 2010/05/01  (rcs-revision efa082c6111d)
))
(C:\Users\Ofir\AppData\Roaming\MiKTeX\2.9\tex\latex\beamer\base\themes\theme\be
amerthemedefault.sty
Package: beamerthemedefault 2010/06/17  (rcs-revision d02a7cf4d8ae)

(C:\Users\Ofir\AppData\Roaming\MiKTeX\2.9\tex\latex\beamer\base\themes\font\bea
merfontthemedefault.sty
Package: beamerfontthemedefault 2012/12/19  (rcs-revision 1686da3db3c9)
)
(C:\Users\Ofir\AppData\Roaming\MiKTeX\2.9\tex\latex\beamer\base\themes\color\be
amercolorthemedefault.sty
Package: beamercolorthemedefault 2012/12/19  (rcs-revision 1686da3db3c9)
)
(C:\Users\Ofir\AppData\Roaming\MiKTeX\2.9\tex\latex\beamer\base\themes\inner\be
amerinnerthemedefault.sty
Package: beamerinnerthemedefault 2013/10/15  (rcs-revision 65cb471f9634)
\beamer@dima=\dimen186
\beamer@dimb=\dimen187
)
(C:\Users\Ofir\AppData\Roaming\MiKTeX\2.9\tex\latex\beamer\base\themes\outer\be
amerouterthemedefault.sty
Package: beamerouterthemedefault 2012/12/19  (rcs-revision 1686da3db3c9)
)))
("d:\Program Files (x86)\MiKTeX 2.9\tex\latex\float\float.sty"
Package: float 2001/11/08 v1.3d Float enhancements (AL)
\c@float@type=\count153
\float@exts=\toks43
\float@box=\box53
\@float@everytoks=\toks44
\@floatcapt=\box54
)
(C:\Users\Ofir\AppData\Roaming\MiKTeX\2.9\tex\latex\subfig\subfig.sty
Package: subfig 2005/06/28 ver: 1.3 subfig package

(C:\Users\Ofir\AppData\Roaming\MiKTeX\2.9\tex\latex\caption\caption.sty
Package: caption 2013/05/02 v3.3-89 Customizing captions (AR)

(C:\Users\Ofir\AppData\Roaming\MiKTeX\2.9\tex\latex\caption\caption3.sty
Package: caption3 2013/05/02 v1.6-88 caption3 kernel (AR)
Package caption3 Info: TeX engine: e-TeX on input line 57.
\captionmargin=\dimen188
\captionmargin@=\dimen189
\captionwidth=\dimen190
\caption@tempdima=\dimen191
\caption@indent=\dimen192
\caption@parindent=\dimen193
\caption@hangindent=\dimen194
)
\c@ContinuedFloat=\count154
Package caption Info: beamer document class.
Package caption Info: float package is loaded.
Package caption Info: hyperref package is loaded.
Package caption Info: Hyperref support is turned off
(caption)             because hyperref has stopped early.
)
\c@KVtest=\count155
\sf@farskip=\skip57
\sf@captopadj=\dimen195
\sf@capskip=\skip58
\sf@nearskip=\skip59
\c@subfigure=\count156
\c@subfigure@save=\count157
\c@depth=\count158
\c@subtable=\count159
\c@subtable@save=\count160
\sf@top=\skip60
\sf@bottom=\skip61
)

Package hyperref Warning: Token not allowed in a PDF string (PDFDocEncoding):
(hyperref)                removing `\\' on input line 16.


Package hyperref Warning: Token not allowed in a PDF string (PDFDocEncoding):
(hyperref)                removing `\\' on input line 16.


Package hyperref Warning: Token not allowed in a PDF string (PDFDocEncoding):
(hyperref)                removing `\\' on input line 16.


(C:\Users\Ofir\AppData\Roaming\MiKTeX\2.9\tex\latex\beamer\base\themes\theme\be
amerthemeMadrid.sty
Package: beamerthemeMadrid 2010/06/17  (rcs-revision d02a7cf4d8ae)

(C:\Users\Ofir\AppData\Roaming\MiKTeX\2.9\tex\latex\beamer\base\themes\color\be
amercolorthemewhale.sty
Package: beamercolorthemewhale 2010/06/17  (rcs-revision d02a7cf4d8ae)
)
(C:\Users\Ofir\AppData\Roaming\MiKTeX\2.9\tex\latex\beamer\base\themes\color\be
amercolorthemeorchid.sty
Package: beamercolorthemeorchid 2010/06/17  (rcs-revision d02a7cf4d8ae)
)
(C:\Users\Ofir\AppData\Roaming\MiKTeX\2.9\tex\latex\beamer\base\themes\inner\be
amerinnerthemerounded.sty
Package: beamerinnerthemerounded 2010/06/17  (rcs-revision d02a7cf4d8ae)
)
(C:\Users\Ofir\AppData\Roaming\MiKTeX\2.9\tex\latex\beamer\base\themes\outer\be
amerouterthemeinfolines.sty
Package: beamerouterthemeinfolines 2012/10/16  (rcs-revision 51a8c72084af)
))
(C:\Users\Ofir\AppData\Roaming\MiKTeX\2.9\tex\latex\beamer\base\themes\color\be
amercolorthemedolphin.sty
Package: beamercolorthemedolphin 2010/06/17  (rcs-revision d02a7cf4d8ae)
)
("D:\Ofir\ENS\PolymerChainDynamics\Documents\lab Meetings\21-11-14\AnalysisOfTA
Ds.aux")
LaTeX Font Info:    Checking defaults for OML/cmm/m/it on input line 20.
LaTeX Font Info:    ... okay on input line 20.
LaTeX Font Info:    Checking defaults for T1/cmr/m/n on input line 20.
LaTeX Font Info:    ... okay on input line 20.
LaTeX Font Info:    Checking defaults for OT1/cmr/m/n on input line 20.
LaTeX Font Info:    ... okay on input line 20.
LaTeX Font Info:    Checking defaults for OMS/cmsy/m/n on input line 20.
LaTeX Font Info:    ... okay on input line 20.
LaTeX Font Info:    Checking defaults for OMX/cmex/m/n on input line 20.
LaTeX Font Info:    ... okay on input line 20.
LaTeX Font Info:    Checking defaults for U/cmr/m/n on input line 20.
LaTeX Font Info:    ... okay on input line 20.
LaTeX Font Info:    Checking defaults for PD1/pdf/m/n on input line 20.
LaTeX Font Info:    ... okay on input line 20.

*geometry* driver: auto-detecting
*geometry* detected driver: pdftex
*geometry* verbose mode - [ preamble ] result:
* driver: pdftex
* paper: custom
* layout: <same size as paper>
* layoutoffset:(h,v)=(0.0pt,0.0pt)
* modes: includehead includefoot 
* h-part:(L,W,R)=(8.50012pt, 347.19511pt, 8.50012pt)
* v-part:(T,H,B)=(0.0pt, 273.14662pt, 0.0pt)
* \paperwidth=364.19536pt
* \paperheight=273.14662pt
* \textwidth=347.19511pt
* \textheight=244.6939pt
* \oddsidemargin=-63.76987pt
* \evensidemargin=-63.76987pt
* \topmargin=-72.26999pt
* \headheight=14.22636pt
* \headsep=0.0pt
* \topskip=9.0pt
* \footskip=14.22636pt
* \marginparwidth=4.0pt
* \marginparsep=10.0pt
* \columnsep=10.0pt
* \skip\footins=7.0pt plus 4.0pt minus 2.0pt
* \hoffset=0.0pt
* \voffset=0.0pt
* \mag=1000
* \@twocolumnfalse
* \@twosidefalse
* \@mparswitchfalse
* \@reversemarginfalse
* (1in=72.27pt=25.4mm, 1cm=28.453pt)

(C:\Users\Ofir\AppData\Roaming\MiKTeX\2.9\tex\context\base\supp-pdf.mkii
[Loading MPS to PDF converter (version 2006.09.02).]
\scratchcounter=\count161
\scratchdimen=\dimen196
\scratchbox=\box55
\nofMPsegments=\count162
\nofMParguments=\count163
\everyMPshowfont=\toks45
\MPscratchCnt=\count164
\MPscratchDim=\dimen197
\MPnumerator=\count165
\makeMPintoPDFobject=\count166
\everyMPtoPDFconversion=\toks46
) ABD: EveryShipout initializing macros
\AtBeginShipoutBox=\box56
Package hyperref Info: Link coloring OFF on input line 20.

("d:\Program Files (x86)\MiKTeX 2.9\tex\latex\hyperref\nameref.sty"
Package: nameref 2012/10/27 v2.43 Cross-referencing by name of section

("d:\Program Files (x86)\MiKTeX 2.9\tex\generic\oberdiek\gettitlestring.sty"
Package: gettitlestring 2010/12/03 v1.4 Cleanup title references (HO)
)
\c@section@level=\count167
)
LaTeX Info: Redefining \ref on input line 20.
LaTeX Info: Redefining \pageref on input line 20.
LaTeX Info: Redefining \nameref on input line 20.

("D:\Ofir\ENS\PolymerChainDynamics\Documents\lab Meetings\21-11-14\AnalysisOfTA
Ds.out")
("D:\Ofir\ENS\PolymerChainDynamics\Documents\lab Meetings\21-11-14\AnalysisOfTA
Ds.out")
\@outlinefile=\write5
LaTeX Font Info:    Overwriting symbol font `operators' in version `normal'
(Font)                  OT1/cmr/m/n --> OT1/cmss/m/n on input line 20.
LaTeX Font Info:    Overwriting symbol font `operators' in version `bold'
(Font)                  OT1/cmr/bx/n --> OT1/cmss/bx/n on input line 20.
\symnumbers=\mathgroup6
\sympureletters=\mathgroup7
LaTeX Font Info:    Overwriting math alphabet `\mathrm' in version `normal'
(Font)                  OT1/cmss/m/n --> OT1/cmr/m/n on input line 20.
LaTeX Font Info:    Redeclaring math alphabet \mathbf on input line 20.
LaTeX Font Info:    Overwriting math alphabet `\mathbf' in version `normal'
(Font)                  OT1/cmr/bx/n --> OT1/cmss/bx/n on input line 20.
LaTeX Font Info:    Overwriting math alphabet `\mathbf' in version `bold'
(Font)                  OT1/cmr/bx/n --> OT1/cmss/bx/n on input line 20.
LaTeX Font Info:    Redeclaring math alphabet \mathsf on input line 20.
LaTeX Font Info:    Overwriting math alphabet `\mathsf' in version `normal'
(Font)                  OT1/cmss/m/n --> OT1/cmss/m/n on input line 20.
LaTeX Font Info:    Overwriting math alphabet `\mathsf' in version `bold'
(Font)                  OT1/cmss/bx/n --> OT1/cmss/m/n on input line 20.
LaTeX Font Info:    Redeclaring math alphabet \mathit on input line 20.
LaTeX Font Info:    Overwriting math alphabet `\mathit' in version `normal'
(Font)                  OT1/cmr/m/it --> OT1/cmss/m/it on input line 20.
LaTeX Font Info:    Overwriting math alphabet `\mathit' in version `bold'
(Font)                  OT1/cmr/bx/it --> OT1/cmss/m/it on input line 20.
LaTeX Font Info:    Redeclaring math alphabet \mathtt on input line 20.
LaTeX Font Info:    Overwriting math alphabet `\mathtt' in version `normal'
(Font)                  OT1/cmtt/m/n --> OT1/cmtt/m/n on input line 20.
LaTeX Font Info:    Overwriting math alphabet `\mathtt' in version `bold'
(Font)                  OT1/cmtt/m/n --> OT1/cmtt/m/n on input line 20.
LaTeX Font Info:    Overwriting symbol font `numbers' in version `bold'
(Font)                  OT1/cmss/m/n --> OT1/cmss/bx/n on input line 20.
LaTeX Font Info:    Overwriting symbol font `pureletters' in version `bold'
(Font)                  OT1/cmss/m/it --> OT1/cmss/bx/it on input line 20.
LaTeX Font Info:    Overwriting math alphabet `\mathrm' in version `bold'
(Font)                  OT1/cmss/bx/n --> OT1/cmr/bx/n on input line 20.
LaTeX Font Info:    Overwriting math alphabet `\mathbf' in version `bold'
(Font)                  OT1/cmss/bx/n --> OT1/cmss/bx/n on input line 20.
LaTeX Font Info:    Overwriting math alphabet `\mathsf' in version `bold'
(Font)                  OT1/cmss/m/n --> OT1/cmss/bx/n on input line 20.
LaTeX Font Info:    Overwriting math alphabet `\mathit' in version `bold'
(Font)                  OT1/cmss/m/it --> OT1/cmss/bx/it on input line 20.
LaTeX Font Info:    Overwriting math alphabet `\mathtt' in version `bold'
(Font)                  OT1/cmtt/m/n --> OT1/cmtt/bx/n on input line 20.
LaTeX Font Info:    Redeclaring symbol font `pureletters' on input line 20.
LaTeX Font Info:    Overwriting symbol font `pureletters' in version `normal'
(Font)                  OT1/cmss/m/it --> OT1/mathkerncmss/m/sl on input line 2
0.
LaTeX Font Info:    Overwriting symbol font `pureletters' in version `bold'
(Font)                  OT1/cmss/bx/it --> OT1/mathkerncmss/m/sl on input line 
20.
LaTeX Font Info:    Overwriting symbol font `pureletters' in version `bold'
(Font)                  OT1/mathkerncmss/m/sl --> OT1/mathkerncmss/bx/sl on inp
ut line 20.

(C:\Users\Ofir\AppData\Roaming\MiKTeX\2.9\tex\latex\beamer\base\translator\dict
s\translator-basic-dictionary\translator-basic-dictionary-English.dict
Dictionary: translator-basic-dictionary, Language: English 
)
(C:\Users\Ofir\AppData\Roaming\MiKTeX\2.9\tex\latex\beamer\base\translator\dict
s\translator-bibliography-dictionary\translator-bibliography-dictionary-English
.dict
Dictionary: translator-bibliography-dictionary, Language: English 
)
(C:\Users\Ofir\AppData\Roaming\MiKTeX\2.9\tex\latex\beamer\base\translator\dict
s\translator-environment-dictionary\translator-environment-dictionary-English.d
ict
Dictionary: translator-environment-dictionary, Language: English 
)
(C:\Users\Ofir\AppData\Roaming\MiKTeX\2.9\tex\latex\beamer\base\translator\dict
s\translator-months-dictionary\translator-months-dictionary-English.dict
Dictionary: translator-months-dictionary, Language: English 
)
(C:\Users\Ofir\AppData\Roaming\MiKTeX\2.9\tex\latex\beamer\base\translator\dict
s\translator-numbers-dictionary\translator-numbers-dictionary-English.dict
Dictionary: translator-numbers-dictionary, Language: English 
)
(C:\Users\Ofir\AppData\Roaming\MiKTeX\2.9\tex\latex\beamer\base\translator\dict
s\translator-theorem-dictionary\translator-theorem-dictionary-English.dict
Dictionary: translator-theorem-dictionary, Language: English 
)
LaTeX Info: Redefining \includegraphics on input line 20.
Package caption Info: Begin \AtBeginDocument code.
Package caption Info: subfig package v1.3 is loaded.
Package caption Info: End \AtBeginDocument code.

("D:\Ofir\ENS\PolymerChainDynamics\Documents\lab Meetings\21-11-14\AnalysisOfTA
Ds.nav")
Overfull \hbox (85.3471pt too wide) in paragraph at lines 20--20
 [][]  
 []


Overfull \hbox (54.43349pt too wide) in paragraph at lines 20--20
 [][][][]  
 []


LaTeX Font Warning: Font shape `OT1/cmss/m/n' in size <4> not available
(Font)              size <5> substituted on input line 24.


Overfull \hbox (85.3471pt too wide) has occurred while \output is active
 [][]  
 []


Overfull \hbox (54.43349pt too wide) has occurred while \output is active
 [][][][]  
 []

[1

{C:/Users/Ofir/AppData/Local/MiKTeX/2.9/pdftex/config/pdftex.map}]
Overfull \hbox (85.3471pt too wide) has occurred while \output is active
 [][]  
 []


Overfull \hbox (54.43349pt too wide) has occurred while \output is active
 [][][][]  
 []

[2

]
("D:\Ofir\ENS\PolymerChainDynamics\Documents\lab Meetings\21-11-14\AnalysisOfTA
Ds.toc")
Overfull \hbox (85.3471pt too wide) has occurred while \output is active
 [][]  
 []


Overfull \hbox (54.43349pt too wide) has occurred while \output is active
 [][][][]  
 []

[3

] <3Cschematic.jpg, id=175, 465.23813pt x 298.11375pt>
File: 3Cschematic.jpg Graphic file (type jpg)
 <use 3Cschematic.jpg>
Package pdftex.def Info: 3Cschematic.jpg used on input line 64.
(pdftex.def)             Requested size: 139.57251pt x 89.43481pt.

Overfull \hbox (85.3471pt too wide) has occurred while \output is active
 [][]  
 []


Overfull \hbox (54.43349pt too wide) has occurred while \output is active
 [][][][]  
 []

[4

 <D:/Ofir/ENS/PolymerChainDynamics/Documents/lab Meetings/21-11-14/3Cschematic.
jpg>]
Overfull \hbox (85.3471pt too wide) has occurred while \output is active
 [][]  
 []


Overfull \hbox (54.43349pt too wide) has occurred while \output is active
 [][][][]  
 []

[5

] <TADsOfTheXChromosome_NoraEtAl2012.jpg, id=230, 529.22719pt x 517.18219pt>
File: TADsOfTheXChromosome_NoraEtAl2012.jpg Graphic file (type jpg)

<use TADsOfTheXChromosome_NoraEtAl2012.jpg>
Package pdftex.def Info: TADsOfTheXChromosome_NoraEtAl2012.jpg used on input li
ne 92.
(pdftex.def)             Requested size: 105.84355pt x 103.4346pt.

<TadDandENoraEtAl2012.jpg, id=231, 234.1247pt x 252.19218pt>
File: TadDandENoraEtAl2012.jpg Graphic file (type jpg)

<use TadDandENoraEtAl2012.jpg>
Package pdftex.def Info: TadDandENoraEtAl2012.jpg used on input line 92.
(pdftex.def)             Requested size: 58.53102pt x 63.04788pt.

<transcriptionCorrelationTadDandENoraEtAl2012.jpg, id=232, 422.32782pt x 289.08
pt>
File: transcriptionCorrelationTadDandENoraEtAl2012.jpg Graphic file (type jpg)
 <use transcriptionCorrelationTadDandENoraEtAl2012.jpg>
Package pdftex.def Info: transcriptionCorrelationTadDandENoraEtAl2012.jpg used 
on input line 92.
(pdftex.def)             Requested size: 114.03003pt x 78.05263pt.

Overfull \hbox (85.3471pt too wide) has occurred while \output is active
 [][]  
 []


Overfull \hbox (54.43349pt too wide) has occurred while \output is active
 [][][][]  
 []

[6

 <D:/Ofir/ENS/PolymerChainDynamics/Documents/lab Meetings/21-11-14/TADsOfTheXCh
romosome_NoraEtAl2012.jpg> <D:/Ofir/ENS/PolymerChainDynamics/Documents/lab Meet
ings/21-11-14/TadDandENoraEtAl2012.jpg> <D:/Ofir/ENS/PolymerChainDynamics/Docum
ents/lab Meetings/21-11-14/transcriptionCorrelationTadDandENoraEtAl2012.jpg>]
<restrictionSegmentLengthDistributionLucaetal.jpg, id=259, 255.20343pt x 143.03
438pt>
File: restrictionSegmentLengthDistributionLucaetal.jpg Graphic file (type jpg)
 <use restrictionSegmentLengthDistributionLucaetal.jpg>
Package pdftex.def Info: restrictionSegmentLengthDistributionLucaetal.jpg used 
on input line 115.
(pdftex.def)             Requested size: 140.36232pt x 78.66913pt.
LaTeX Font Info:    Try loading font information for U+msa on input line 115.

("d:\Program Files (x86)\MiKTeX 2.9\tex\latex\amsfonts\umsa.fd"
File: umsa.fd 2013/01/14 v3.01 AMS symbols A
)
LaTeX Font Info:    Try loading font information for U+msb on input line 115.

("d:\Program Files (x86)\MiKTeX 2.9\tex\latex\amsfonts\umsb.fd"
File: umsb.fd 2013/01/14 v3.01 AMS symbols B
)
LaTeX Font Info:    Try loading font information for OT1+mathkerncmss on input 
line 115.

(C:\Users\Ofir\AppData\Roaming\MiKTeX\2.9\tex\latex\sansmathaccent\ot1mathkernc
mss.fd
File: ot1mathkerncmss.fd 2013/03/27 Fontinst v1.933 font definitions for OT1/ma
thkerncmss.
)
Overfull \hbox (85.3471pt too wide) has occurred while \output is active
 [][]  
 []


Overfull \hbox (54.43349pt too wide) has occurred while \output is active
 [][][][]  
 []

[7

 <D:/Ofir/ENS/PolymerChainDynamics/Documents/lab Meetings/21-11-14/restrictionS
egmentLengthDistributionLucaetal.jpg>]
<encounterProbabilityTADDAndE.jpg, id=287, 1686.3pt x 890.32625pt>
File: encounterProbabilityTADDAndE.jpg Graphic file (type jpg)

<use encounterProbabilityTADDAndE.jpg>
Package pdftex.def Info: encounterProbabilityTADDAndE.jpg used on input line 13
4.
(pdftex.def)             Requested size: 131.53601pt x 69.44788pt.

<encounterProbabilityTADD.jpg, id=288, 1686.3pt x 890.32625pt>
File: encounterProbabilityTADD.jpg Graphic file (type jpg)

<use encounterProbabilityTADD.jpg>
Package pdftex.def Info: encounterProbabilityTADD.jpg used on input line 134.
(pdftex.def)             Requested size: 126.46704pt x 66.77158pt.

<encounterProbabilityTADE.jpg, id=289, 1686.3pt x 890.32625pt>
File: encounterProbabilityTADE.jpg Graphic file (type jpg)

<use encounterProbabilityTADE.jpg>
Package pdftex.def Info: encounterProbabilityTADE.jpg used on input line 134.
(pdftex.def)             Requested size: 126.46704pt x 66.77158pt.

Overfull \hbox (37.27498pt too wide) in paragraph at lines 134--134
 [][][] 
 []


Overfull \hbox (85.3471pt too wide) has occurred while \output is active
 [][]  
 []


Overfull \hbox (54.43349pt too wide) has occurred while \output is active
 [][][][]  
 []

[8

 <D:/Ofir/ENS/PolymerChainDynamics/Documents/lab Meetings/21-11-14/encounterPro
babilityTADDAndE.jpg> <D:/Ofir/ENS/PolymerChainDynamics/Documents/lab Meetings/
21-11-14/encounterProbabilityTADD.jpg> <D:/Ofir/ENS/PolymerChainDynamics/Docume
nts/lab Meetings/21-11-14/encounterProbabilityTADE.jpg>]
<RousePolymerSketch.jpg, id=317, 963.6pt x 542.025pt>
File: RousePolymerSketch.jpg Graphic file (type jpg)

<use RousePolymerSketch.jpg>
Package pdftex.def Info: RousePolymerSketch.jpg used on input line 157.
(pdftex.def)             Requested size: 96.36565pt x 54.20567pt.

Overfull \hbox (85.3471pt too wide) has occurred while \output is active
 [][]  
 []


Overfull \hbox (54.43349pt too wide) has occurred while \output is active
 [][][][]  
 []

[9

 <D:/Ofir/ENS/PolymerChainDynamics/Documents/lab Meetings/21-11-14/RousePolymer
Sketch.jpg>] <meanDataFitTADDAndE.jpg, id=349, 1686.3pt x 890.32625pt>
File: meanDataFitTADDAndE.jpg Graphic file (type jpg)

<use meanDataFitTADDAndE.jpg>
Package pdftex.def Info: meanDataFitTADDAndE.jpg used on input line 172.
(pdftex.def)             Requested size: 168.63988pt x 89.03784pt.

<fittedExpValuesWithSplineAverageTADDAndE.jpg, id=350, 1686.3pt x 890.32625pt>
File: fittedExpValuesWithSplineAverageTADDAndE.jpg Graphic file (type jpg)

<use fittedExpValuesWithSplineAverageTADDAndE.jpg>
Package pdftex.def Info: fittedExpValuesWithSplineAverageTADDAndE.jpg used on i
nput line 172.
(pdftex.def)             Requested size: 168.63988pt x 89.03784pt.

Overfull \hbox (85.3471pt too wide) has occurred while \output is active
 [][]  
 []


Overfull \hbox (54.43349pt too wide) has occurred while \output is active
 [][][][]  
 []

[10

 <D:/Ofir/ENS/PolymerChainDynamics/Documents/lab Meetings/21-11-14/meanDataFitT
ADDAndE.jpg> <D:/Ofir/ENS/PolymerChainDynamics/Documents/lab Meetings/21-11-14/
fittedExpValuesWithSplineAverageTADDAndE.jpg>]
<meanDataFitTADD.jpg, id=381, 1686.3pt x 890.32625pt>
File: meanDataFitTADD.jpg Graphic file (type jpg)

<use meanDataFitTADD.jpg>
Package pdftex.def Info: meanDataFitTADD.jpg used on input line 185.
(pdftex.def)             Requested size: 168.63988pt x 89.03784pt.

<fittedExpValuesWithSplineAverageTADD.jpg, id=382, 1686.3pt x 890.32625pt>
File: fittedExpValuesWithSplineAverageTADD.jpg Graphic file (type jpg)

<use fittedExpValuesWithSplineAverageTADD.jpg>
Package pdftex.def Info: fittedExpValuesWithSplineAverageTADD.jpg used on input
 line 185.
(pdftex.def)             Requested size: 168.63988pt x 89.03784pt.

<meanDataFitTADE.jpg, id=383, 1686.3pt x 890.32625pt>
File: meanDataFitTADE.jpg Graphic file (type jpg)

<use meanDataFitTADE.jpg>
Package pdftex.def Info: meanDataFitTADE.jpg used on input line 185.
(pdftex.def)             Requested size: 168.63988pt x 89.03784pt.

<fittedExpValuesWithSplineAverageTADE.jpg, id=384, 1686.3pt x 890.32625pt>
File: fittedExpValuesWithSplineAverageTADE.jpg Graphic file (type jpg)

<use fittedExpValuesWithSplineAverageTADE.jpg>
Package pdftex.def Info: fittedExpValuesWithSplineAverageTADE.jpg used on input
 line 185.
(pdftex.def)             Requested size: 168.63988pt x 89.03784pt.

Overfull \hbox (85.3471pt too wide) has occurred while \output is active
 [][]  
 []


Overfull \hbox (54.43349pt too wide) has occurred while \output is active
 [][][][]  
 []

[11

 <D:/Ofir/ENS/PolymerChainDynamics/Documents/lab Meetings/21-11-14/meanDataFitT
ADD.jpg> <D:/Ofir/ENS/PolymerChainDynamics/Documents/lab Meetings/21-11-14/fitt
edExpValuesWithSplineAverageTADD.jpg> <D:/Ofir/ENS/PolymerChainDynamics/Documen
ts/lab Meetings/21-11-14/meanDataFitTADE.jpg> <D:/Ofir/ENS/PolymerChainDynamics
/Documents/lab Meetings/21-11-14/fittedExpValuesWithSplineAverageTADE.jpg>]
<peakListAverage.jpg, id=410, 1686.3pt x 890.32625pt>
File: peakListAverage.jpg Graphic file (type jpg)

<use peakListAverage.jpg>
Package pdftex.def Info: peakListAverage.jpg used on input line 199.
(pdftex.def)             Requested size: 252.93408pt x 133.54317pt.

Overfull \hbox (85.3471pt too wide) has occurred while \output is active
 [][]  
 []


Overfull \hbox (54.43349pt too wide) has occurred while \output is active
 [][][][]  
 []

[12

 <D:/Ofir/ENS/PolymerChainDynamics/Documents/lab Meetings/21-11-14/peakListAver
age.jpg>]
<simulationWithSimpleRouseExperimentalData.jpg, id=437, 597.432pt x 426.8748pt>
File: simulationWithSimpleRouseExperimentalData.jpg Graphic file (type jpg)
<use simulationWithSimpleRouseExperimentalData.jpg>
Package pdftex.def Info: simulationWithSimpleRouseExperimentalData.jpg used on 
input line 218.
(pdftex.def)             Requested size: 238.96857pt x 170.74689pt.

Overfull \hbox (85.3471pt too wide) has occurred while \output is active
 [][]  
 []


Overfull \hbox (54.43349pt too wide) has occurred while \output is active
 [][][][]  
 []

[13

 <D:/Ofir/ENS/PolymerChainDynamics/Documents/lab Meetings/21-11-14/simulationWi
thSimpleRouseExperimentalData.jpg>]
Overfull \hbox (85.3471pt too wide) has occurred while \output is active
 [][]  
 []


Overfull \hbox (54.43349pt too wide) has occurred while \output is active
 [][][][]  
 []

[14

]
<Figure03_OneTADWithTails0To30RandomLoops.jpg, id=493, 597.6729pt x 412.6617pt>
File: Figure03_OneTADWithTails0To30RandomLoops.jpg Graphic file (type jpg)
<use Figure03_OneTADWithTails0To30RandomLoops.jpg>
Package pdftex.def Info: Figure03_OneTADWithTails0To30RandomLoops.jpg used on i
nput line 243.
(pdftex.def)             Requested size: 209.18864pt x 144.43375pt.

Overfull \hbox (85.3471pt too wide) has occurred while \output is active
 [][]  
 []


Overfull \hbox (54.43349pt too wide) has occurred while \output is active
 [][][][]  
 []

[15

 <D:/Ofir/ENS/PolymerChainDynamics/Documents/lab Meetings/21-11-14/Figure03_One
TADWithTails0To30RandomLoops.jpg>]
<Figure04_TwoTADs0To30RandomLoops307Beads.jpg, id=519, 597.81744pt x 433.62pt>
File: Figure04_TwoTADs0To30RandomLoops307Beads.jpg Graphic file (type jpg)

<use Figure04_TwoTADs0To30RandomLoops307Beads.jpg>
Package pdftex.def Info: Figure04_TwoTADs0To30RandomLoops307Beads.jpg used on i
nput line 256.
(pdftex.def)             Requested size: 209.23923pt x 151.76927pt.

Overfull \hbox (85.3471pt too wide) has occurred while \output is active
 [][]  
 []


Overfull \hbox (54.43349pt too wide) has occurred while \output is active
 [][][][]  
 []

[16

 <D:/Ofir/ENS/PolymerChainDynamics/Documents/lab Meetings/21-11-14/Figure04_Two
TADs0To30RandomLoops307Beads.jpg>]
Overfull \hbox (85.3471pt too wide) has occurred while \output is active
 [][]  
 []


Overfull \hbox (54.43349pt too wide) has occurred while \output is active
 [][][][]  
 []

[17

]
Overfull \hbox (85.3471pt too wide) has occurred while \output is active
 [][]  
 []


Overfull \hbox (54.43349pt too wide) has occurred while \output is active
 [][][][]  
 []

[18

]
\tf@nav=\write6
\tf@toc=\write7
\tf@snm=\write8
Package atveryend Info: Empty hook `BeforeClearDocument' on input line 283.
Package atveryend Info: Empty hook `AfterLastShipout' on input line 283.

("D:\Ofir\ENS\PolymerChainDynamics\Documents\lab Meetings\21-11-14\AnalysisOfTA
Ds.aux")
Package atveryend Info: Executing hook `AtVeryEndDocument' on input line 283.
Package atveryend Info: Executing hook `AtEndAfterFileList' on input line 283.
Package rerunfilecheck Info: File `AnalysisOfTADs.out' has not changed.
(rerunfilecheck)             Checksum: 15417BBC846AF372864A823182D3409E;861.


LaTeX Font Warning: Size substitutions with differences
(Font)              up to 1.0pt have occurred.

Package atveryend Info: Empty hook `AtVeryVeryEnd' on input line 283.
 ) 
Here is how much of TeX's memory you used:
 18044 strings out of 493921
 351620 string characters out of 3144880
 411013 words of memory out of 3000000
 20844 multiletter control sequences out of 15000+200000
 9774 words of font info for 36 fonts, out of 3000000 for 9000
 841 hyphenation exceptions out of 8191
 56i,16n,62p,415b,620s stack positions out of 5000i,500n,10000p,200000b,50000s
<d:/Program Files (x86)/MiKTeX 2.9/fonts/type1/public/amsfonts/cmextra/cmex7.
pfb><d:/Program Files (x86)/MiKTeX 2.9/fonts/type1/public/amsfonts/cm/cmmi5.pfb
><d:/Program Files (x86)/MiKTeX 2.9/fonts/type1/public/amsfonts/cm/cmmi6.pfb><d
:/Program Files (x86)/MiKTeX 2.9/fonts/type1/public/amsfonts/cm/cmmi8.pfb><d:/P
rogram Files (x86)/MiKTeX 2.9/fonts/type1/public/amsfonts/cm/cmss10.pfb><d:/Pro
gram Files (x86)/MiKTeX 2.9/fonts/type1/public/amsfonts/cm/cmss8.pfb><d:/Progra
m Files (x86)/MiKTeX 2.9/fonts/type1/public/amsfonts/cm/cmssi8.pfb><d:/Program 
Files (x86)/MiKTeX 2.9/fonts/type1/public/amsfonts/cm/cmsy5.pfb><d:/Program Fil
es (x86)/MiKTeX 2.9/fonts/type1/public/amsfonts/cm/cmsy6.pfb><d:/Program Files 
(x86)/MiKTeX 2.9/fonts/type1/public/amsfonts/cm/cmsy8.pfb>
Output written on AnalysisOfTADs.pdf (18 pages, 4531552 bytes).
PDF statistics:
 644 PDF objects out of 1000 (max. 8388607)
 64 named destinations out of 1000 (max. 500000)
 254 words of extra memory for PDF output out of 10000 (max. 10000000)

